#
# There is insufficient memory for the Java Runtime Environment to continue.
# Native memory allocation (mmap) failed to map 67108864 bytes for G1 virtual space
# Possible reasons:
#   The system is out of physical RAM or swap space
#   The process is running with CompressedOops enabled, and the Java Heap may be blocking the growth of the native heap
# Possible solutions:
#   Reduce memory load on the system
#   Increase physical memory or swap space
#   Check if swap backing store is full
#   Decrease Java heap size (-Xmx/-Xms)
#   Decrease number of Java threads
#   Decrease Java thread stack sizes (-Xss)
#   Set larger code cache with -XX:ReservedCodeCacheSize=
#   JVM is running with Unscaled Compressed Oops mode in which the Java heap is
#     placed in the first 4GB address space. The Java Heap base address is the
#     maximum limit for the native heap growth. Please use -XX:HeapBaseMinAddress
#     to set the Java Heap base and to place the Java Heap above 4GB virtual address.
# This output file may be truncated or incomplete.
#
#  Out of Memory Error (os_windows.cpp:3548), pid=8780, tid=13292
#
# JRE version:  (17.0.10+11) (build )
# Java VM: Java HotSpot(TM) 64-Bit Server VM (17.0.10+11-LTS-240, mixed mode, sharing, tiered, compressed oops, compressed class ptrs, g1 gc, windows-amd64)
# No core dump will be written. Minidumps are not enabled by default on client versions of Windows
#

---------------  S U M M A R Y ------------

Command Line: -Xmx64m -Xms64m -Dorg.gradle.appname=gradlew org.gradle.wrapper.GradleWrapperMain tasks

Host: AMD Ryzen 5 3500U with Radeon Vega Mobile Gfx  , 8 cores, 5G,  Windows 11 , 64 bit Build 22000 (10.0.22000.708)
Time: Sat Apr 20 07:20:38 2024 India Standard Time elapsed time: 0.045246 seconds (0d 0h 0m 0s)

---------------  T H R E A D  ---------------

Current thread (0x000001edbd254370):  JavaThread "Unknown thread" [_thread_in_vm, id=13292, stack(0x000000ca0d500000,0x000000ca0d600000)]

Stack: [0x000000ca0d500000,0x000000ca0d600000]
Native frames: (J=compiled Java code, j=interpreted, Vv=VM code, C=native code)
V  [jvm.dll+0x677a5a]
V  [jvm.dll+0x7d8b2d]
V  [jvm.dll+0x7da48e]
V  [jvm.dll+0x7daaf3]
V  [jvm.dll+0x2455ff]
V  [jvm.dll+0x6749b9]
V  [jvm.dll+0x669382]
V  [jvm.dll+0x302e96]
V  [jvm.dll+0x30a416]
V  [jvm.dll+0x359cbe]
V  [jvm.dll+0x359eef]
V  [jvm.dll+0x2d9e88]
V  [jvm.dll+0x2dadf4]
V  [jvm.dll+0x7aa551]
V  [jvm.dll+0x367911]
V  [jvm.dll+0x789639]
V  [jvm.dll+0x3eb30f]
V  [jvm.dll+0x3ecd91]
C  [jli.dll+0x5297]
C  [ucrtbase.dll+0x26c0c]
C  [KERNEL32.DLL+0x154e0]
C  [ntdll.dll+0x485b]


---------------  P R O C E S S  ---------------

Threads class SMR info:
_java_thread_list=0x00007ffa36566a18, length=0, elements={
}

Java Threads: ( => current thread )

Other Threads:
  0x000001edbd2785b0 GCTaskThread "GC Thread#0" [stack: 0x000000ca0d600000,0x000000ca0d700000] [id=1148]
  0x000001edbd279d70 ConcurrentGCThread "G1 Main Marker" [stack: 0x000000ca0d700000,0x000000ca0d800000] [id=15644]
  0x000001edbd27ae30 ConcurrentGCThread "G1 Conc#0" [stack: 0x000000ca0d800000,0x000000ca0d900000] [id=17604]

[error occurred during error reporting (printing all threads), id 0xc0000005, EXCEPTION_ACCESS_VIOLATION (0xc0000005) at pc=0x00007ffa35d9aae7]

VM state: not at safepoint (not fully initialized)

VM Mutex/Monitor currently owned by a thread:  ([mutex/lock_event])
[0x000001edbd250af0] Heap_lock - owner thread: 0x000001edbd254370

Heap address: 0x00000000fc000000, size: 64 MB, Compressed Oops mode: 32-bit

CDS archive(s) mapped at: [0x0000000000000000-0x0000000000000000-0x0000000000000000), size 0, SharedBaseAddress: 0x0000000800000000, ArchiveRelocationMode: 1.
Narrow klass base: 0x0000000000000000, Narrow klass shift: 0, Narrow klass range: 0x0

GC Precious Log:
<Empty>

Heap:
 garbage-first heap   total 0K, used 0K [0x00000000fc000000, 0x0000000100000000)
  region size 1024K, 0 young (0K), 0 survivors (0K)

[error occurred during error reporting (printing heap information), id 0xc0000005, EXCEPTION_ACCESS_VIOLATION (0xc0000005) at pc=0x00007ffa36181249]

GC Heap History (0 events):
No events

Deoptimization events (0 events):
No events

Classes unloaded (0 events):
No events

Classes redefined (0 events):
No events

Internal exceptions (0 events):
No events

VM Operations (0 events):
No events

Events (1 events):
Event: 0.020 Loaded shared library C:\Program Files\java\jdk-17\bin\java.dll


Dynamic libraries:
0x00007ff72ef60000 - 0x00007ff72ef70000 	C:\Program Files\java\jdk-17\bin\java.exe
0x00007ffa863e0000 - 0x00007ffa865e9000 	C:\Windows\SYSTEM32\ntdll.dll
0x00007ffa842a0000 - 0x00007ffa8435d000 	C:\Windows\System32\KERNEL32.DLL
0x00007ffa83c60000 - 0x00007ffa83fdc000 	C:\Windows\System32\KERNELBASE.dll
0x00007ffa83aa0000 - 0x00007ffa83bb1000 	C:\Windows\System32\ucrtbase.dll
0x00007ffa68bf0000 - 0x00007ffa68c09000 	C:\Program Files\java\jdk-17\bin\jli.dll
0x00007ffa7d380000 - 0x00007ffa7d39b000 	C:\Program Files\java\jdk-17\bin\VCRUNTIME140.dll
0x00007ffa84ea0000 - 0x00007ffa84f4e000 	C:\Windows\System32\ADVAPI32.dll
0x00007ffa85e50000 - 0x00007ffa85ef3000 	C:\Windows\System32\msvcrt.dll
0x00007ffa86200000 - 0x00007ffa8629e000 	C:\Windows\System32\sechost.dll
0x00007ffa860e0000 - 0x00007ffa86200000 	C:\Windows\System32\RPCRT4.dll
0x00007ffa85450000 - 0x00007ffa855fd000 	C:\Windows\System32\USER32.dll
0x00007ffa83bc0000 - 0x00007ffa83be6000 	C:\Windows\System32\win32u.dll
0x00007ffa6dec0000 - 0x00007ffa6e165000 	C:\Windows\WinSxS\amd64_microsoft.windows.common-controls_6595b64144ccf1df_6.0.22000.120_none_9d947278b86cc467\COMCTL32.dll
0x00007ffa84270000 - 0x00007ffa84299000 	C:\Windows\System32\GDI32.dll
0x00007ffa83fe0000 - 0x00007ffa840f8000 	C:\Windows\System32\gdi32full.dll
0x00007ffa83980000 - 0x00007ffa83a1d000 	C:\Windows\System32\msvcp_win.dll
0x00007ffa7b790000 - 0x00007ffa7b79a000 	C:\Windows\SYSTEM32\VERSION.dll
0x00007ffa85670000 - 0x00007ffa856a1000 	C:\Windows\System32\IMM32.DLL
0x00007ffa80640000 - 0x00007ffa8064c000 	C:\Program Files\java\jdk-17\bin\vcruntime140_1.dll
0x00007ffa4bda0000 - 0x00007ffa4be2e000 	C:\Program Files\java\jdk-17\bin\msvcp140.dll
0x00007ffa35ab0000 - 0x00007ffa3668f000 	C:\Program Files\java\jdk-17\bin\server\jvm.dll
0x00007ffa860b0000 - 0x00007ffa860b8000 	C:\Windows\System32\PSAPI.DLL
0x00007ffa7d220000 - 0x00007ffa7d253000 	C:\Windows\SYSTEM32\WINMM.dll
0x00007ffa7ee30000 - 0x00007ffa7ee39000 	C:\Windows\SYSTEM32\WSOCK32.dll
0x00007ffa84f50000 - 0x00007ffa84fbf000 	C:\Windows\System32\ws2_32.DLL
0x00007ffa829b0000 - 0x00007ffa829c8000 	C:\Windows\SYSTEM32\kernel.appcore.dll
0x00007ffa7e0a0000 - 0x00007ffa7e0aa000 	C:\Program Files\java\jdk-17\bin\jimage.dll
0x00007ffa7a9c0000 - 0x00007ffa7abe1000 	C:\Windows\SYSTEM32\DBGHELP.DLL
0x00007ffa6e2f0000 - 0x00007ffa6e321000 	C:\Windows\SYSTEM32\dbgcore.DLL
0x00007ffa83a20000 - 0x00007ffa83a9f000 	C:\Windows\System32\bcryptPrimitives.dll
0x00007ffa53a20000 - 0x00007ffa53a45000 	C:\Program Files\java\jdk-17\bin\java.dll

dbghelp: loaded successfully - version: 4.0.5 - missing functions: none
symbol engine: initialized successfully - sym options: 0x614 - pdb path: .;C:\Program Files\java\jdk-17\bin;C:\Windows\SYSTEM32;C:\Windows\WinSxS\amd64_microsoft.windows.common-controls_6595b64144ccf1df_6.0.22000.120_none_9d947278b86cc467;C:\Program Files\java\jdk-17\bin\server

VM Arguments:
jvm_args: -Xmx64m -Xms64m -Dorg.gradle.appname=gradlew 
java_command: org.gradle.wrapper.GradleWrapperMain tasks
java_class_path (initial): D:\ReactNative\Screenwarriors\android\\gradle\wrapper\gradle-wrapper.jar
Launcher Type: SUN_STANDARD

[Global flags]
     intx CICompilerCount                          = 4                                         {product} {ergonomic}
     uint ConcGCThreads                            = 2                                         {product} {ergonomic}
     uint G1ConcRefinementThreads                  = 8                                         {product} {ergonomic}
   size_t G1HeapRegionSize                         = 1048576                                   {product} {ergonomic}
    uintx GCDrainStackTargetSize                   = 64                                        {product} {ergonomic}
   size_t InitialHeapSize                          = 67108864                                  {product} {command line}
   size_t MarkStackSize                            = 4194304                                   {product} {ergonomic}
   size_t MaxHeapSize                              = 67108864                                  {product} {command line}
   size_t MinHeapDeltaBytes                        = 1048576                                   {product} {ergonomic}
   size_t MinHeapSize                              = 67108864                                  {product} {command line}
    uintx NonNMethodCodeHeapSize                   = 5839372                                {pd product} {ergonomic}
    uintx NonProfiledCodeHeapSize                  = 122909434                              {pd product} {ergonomic}
    uintx ProfiledCodeHeapSize                     = 122909434                              {pd product} {ergonomic}
    uintx ReservedCodeCacheSize                    = 251658240                              {pd product} {ergonomic}
     bool SegmentedCodeCache                       = true                                      {product} {ergonomic}
   size_t SoftMaxHeapSize                          = 67108864                               {manageable} {ergonomic}
     bool UseCompressedClassPointers               = true                           {product lp64_product} {ergonomic}
     bool UseCompressedOops                        = true                           {product lp64_product} {ergonomic}
     bool UseG1GC                                  = true                                      {product} {ergonomic}
     bool UseLargePagesIndividualAllocation        = false                                  {pd product} {ergonomic}

Logging:
Log output configuration:
 #0: stdout all=warning uptime,level,tags
 #1: stderr all=off uptime,level,tags

Environment Variables:
JAVA_HOME=C:\Program Files\java\jdk-17
CLASSPATH=D:\ReactNative\Screenwarriors\android\\gradle\wrapper\gradle-wrapper.jar
PATH=D:\ReactNative\Screenwarriors\node_modules\.bin;D:\ReactNative\Screenwarriors\node_modules\.bin;D:\ReactNative\node_modules\.bin;D:\node_modules\.bin;C:\Users\cat50\AppData\Roaming\npm\node_modules\npm\node_modules\@npmcli\run-script\lib\node-gyp-bin;D:\ReactNative\Screenwarriors\node_modules\.bin;D:\ReactNative\Screenwarriors\node_modules\.bin;D:\ReactNative\node_modules\.bin;D:\node_modules\.bin;C:\Users\cat50\AppData\Roaming\npm\node_modules\npm\node_modules\@npmcli\run-script\lib\node-gyp-bin;D:\ReactNative\Screenwarriors\node_modules\.bin;D:\ReactNative\node_modules\.bin;D:\node_modules\.bin;C:\Users\cat50\AppData\Roaming\npm\node_modules\npm\node_modules\@npmcli\run-script\lib\node-gyp-bin;C:\Program Files\Common Files\Oracle\Java\javapath;C:\Program Files\java\jdk-17;C:\Windows\system32;C:\Windows;C:\Windows\System32\Wbem;C:\Windows\System32\WindowsPowerShell\v1.0\;C:\Windows\System32\OpenSSH\;C:\Program Files\Git\cmd;C:\Program Files\dotnet\;C:\MinGW\bin;C:\ProgramData\chocolatey\bin;C:\Program Files\MongoDB\Server\7.0\bin;C:\Program Files\nodejs\;C:\Users\cat50\AppData\Local\Microsoft\WindowsApps;C:\Users\cat50\AppData\Local\Programs\Microsoft VS Code\bin;C:\Users\cat50\AppData\Local\Android\Sdk\platform-tools;C:\Program Files\java\jdk-11.0.18+10;C:\Users\cat50\AppData\Local\GitHubDesktop\bin;C:\Users\cat50\AppData\Roaming\npm;
USERNAME=Dinesh kannaujiya
LANG=en_US.UTF-8
OS=Windows_NT
PROCESSOR_IDENTIFIER=AMD64 Family 23 Model 24 Stepping 1, AuthenticAMD



---------------  S Y S T E M  ---------------

OS:
 Windows 11 , 64 bit Build 22000 (10.0.22000.708)
OS uptime: 3 days 7:25 hours

CPU: total 8 (initial active 8) (8 cores per cpu, 2 threads per core) family 23 model 24 stepping 1 microcode 0x0, cx8, cmov, fxsr, ht, mmx, 3dnowpref, sse, sse2, sse3, ssse3, sse4a, sse4.1, sse4.2, popcnt, lzcnt, tsc, tscinvbit, avx, avx2, aes, clmul, bmi1, bmi2, adx, sha, fma, vzeroupper, clflush, clflushopt

Memory: 4k page, system-wide physical 6081M (272M free)
TotalPageFile size 24508M (AvailPageFile size 49M)
current process WorkingSet (physical memory assigned to process): 10M, peak: 10M
current process commit charge ("private bytes"): 59M, peak: 123M

vm_info: Java HotSpot(TM) 64-Bit Server VM (17.0.10+11-LTS-240) for windows-amd64 JRE (17.0.10+11-LTS-240), built on Dec 19 2023 21:47:25 by "mach5one" with MS VC++ 17.1 (VS2022)

END.
