#
# There is insufficient memory for the Java Runtime Environment to continue.
# Native memory allocation (malloc) failed to allocate 1060592 bytes for Chunk::new
# Possible reasons:
#   The system is out of physical RAM or swap space
#   The process is running with CompressedOops enabled, and the Java Heap may be blocking the growth of the native heap
# Possible solutions:
#   Reduce memory load on the system
#   Increase physical memory or swap space
#   Check if swap backing store is full
#   Decrease Java heap size (-Xmx/-Xms)
#   Decrease number of Java threads
#   Decrease Java thread stack sizes (-Xss)
#   Set larger code cache with -XX:ReservedCodeCacheSize=
#   JVM is running with Unscaled Compressed Oops mode in which the Java heap is
#     placed in the first 4GB address space. The Java Heap base address is the
#     maximum limit for the native heap growth. Please use -XX:HeapBaseMinAddress
#     to set the Java Heap base and to place the Java Heap above 4GB virtual address.
# This output file may be truncated or incomplete.
#
#  Out of Memory Error (arena.cpp:189), pid=18728, tid=5572
#
# JRE version: Java(TM) SE Runtime Environment (17.0.10+11) (build 17.0.10+11-LTS-240)
# Java VM: Java HotSpot(TM) 64-Bit Server VM (17.0.10+11-LTS-240, mixed mode, sharing, tiered, compressed oops, compressed class ptrs, g1 gc, windows-amd64)
# No core dump will be written. Minidumps are not enabled by default on client versions of Windows
#

---------------  S U M M A R Y ------------

Command Line: -XX:MaxMetaspaceSize=512m --add-opens=java.base/java.util=ALL-UNNAMED --add-opens=java.base/java.lang=ALL-UNNAMED --add-opens=java.base/java.lang.invoke=ALL-UNNAMED --add-opens=java.prefs/java.util.prefs=ALL-UNNAMED --add-opens=java.base/java.nio.charset=ALL-UNNAMED --add-opens=java.base/java.net=ALL-UNNAMED --add-opens=java.base/java.util.concurrent.atomic=ALL-UNNAMED -Xmx2048m -Dfile.encoding=windows-1252 -Duser.country=IN -Duser.language=en -Duser.variant org.gradle.launcher.daemon.bootstrap.GradleDaemon 8.0.1

Host: AMD Ryzen 5 3500U with Radeon Vega Mobile Gfx  , 8 cores, 5G,  Windows 11 , 64 bit Build 22000 (10.0.22000.708)
Time: Sat Apr 20 07:21:18 2024 India Standard Time elapsed time: 56.804169 seconds (0d 0h 0m 56s)

---------------  T H R E A D  ---------------

Current thread (0x000002c40617ae10):  JavaThread "C2 CompilerThread0" daemon [_thread_in_native, id=5572, stack(0x000000f497100000,0x000000f497200000)]


Current CompileTask:
C2:  56804 10935   !   4       org.gradle.api.internal.attributes.DefaultImmutableAttributesFactory::doConcatIsolatable (128 bytes)

Stack: [0x000000f497100000,0x000000f497200000]
Native frames: (J=compiled Java code, j=interpreted, Vv=VM code, C=native code)
V  [jvm.dll+0x677a5a]
V  [jvm.dll+0x7d8b2d]
V  [jvm.dll+0x7da48e]
V  [jvm.dll+0x7daaf3]
V  [jvm.dll+0x2455ff]
V  [jvm.dll+0xaaafb]
V  [jvm.dll+0xab09c]
V  [jvm.dll+0x361bae]
V  [jvm.dll+0x1bb3ca]
V  [jvm.dll+0x217aa7]
V  [jvm.dll+0x216d81]
V  [jvm.dll+0x1a3410]
V  [jvm.dll+0x226aeb]
V  [jvm.dll+0x224cab]
V  [jvm.dll+0x78e45c]
V  [jvm.dll+0x78888a]
V  [jvm.dll+0x676935]
C  [ucrtbase.dll+0x26c0c]
C  [KERNEL32.DLL+0x154e0]
C  [ntdll.dll+0x485b]


---------------  P R O C E S S  ---------------

Threads class SMR info:
_java_thread_list=0x000002c428a302c0, length=135, elements={
0x000002c467d939c0, 0x000002c406159be0, 0x000002c40615cfc0, 0x000002c406177d00,
0x000002c4061786c0, 0x000002c406179290, 0x000002c406179e60, 0x000002c40617ae10,
0x000002c40618ca20, 0x000002c406191a60, 0x000002c4063d2780, 0x000002c4063d2c90,
0x000002c4063d5a20, 0x000002c4063d40d0, 0x000002c4063d4af0, 0x000002c4063d45e0,
0x000002c4063d5000, 0x000002c4063d5510, 0x000002c4063d5f30, 0x000002c4063d3bc0,
0x000002c4063d31a0, 0x000002c4063d36b0, 0x000002c426512d50, 0x000002c42650fab0,
0x000002c4265109e0, 0x000002c42650c810, 0x000002c42650eb80, 0x000002c426510ef0,
0x000002c4265104d0, 0x000002c42650d230, 0x000002c42650cd20, 0x000002c42650c300,
0x000002c426511400, 0x000002c42650bdf0, 0x000002c426511e20, 0x000002c42650f5a0,
0x000002c42650d740, 0x000002c42650dc50, 0x000002c42650f090, 0x000002c42650ffc0,
0x000002c426512840, 0x000002c426511910, 0x000002c426512330, 0x000002c42650e160,
0x000002c426513260, 0x000002c42613e130, 0x000002c42613b3a0, 0x000002c42613ae90,
0x000002c42613c7e0, 0x000002c42613bdc0, 0x000002c42613c2d0, 0x000002c42613b8b0,
0x000002c42613a980, 0x000002c42613ccf0, 0x000002c42613dc20, 0x000002c42613d200,
0x000002c42613d710, 0x000002c428664e00, 0x000002c428662580, 0x000002c428660210,
0x000002c428665310, 0x000002c428662a90, 0x000002c428662fa0, 0x000002c428660720,
0x000002c4286643e0, 0x000002c42865fd00, 0x000002c42865edd0, 0x000002c4286634b0,
0x000002c428662070, 0x000002c42865f2e0, 0x000002c428660c30, 0x000002c42865e3b0,
0x000002c428661b60, 0x000002c42865f7f0, 0x000002c428661650, 0x000002c428663ed0,
0x000002c4286648f0, 0x000002c42865dea0, 0x000002c428665820, 0x000002c427336a50,
0x000002c4273388b0, 0x000002c4273397e0, 0x000002c427337470, 0x000002c427337980,
0x000002c427336540, 0x000002c427336f60, 0x000002c427337e90, 0x000002c4273383a0,
0x000002c427338dc0, 0x000002c42952b8c0, 0x000002c42952b3b0, 0x000002c4295271e0,
0x000002c429529a60, 0x000002c42952d720, 0x000002c429528110, 0x000002c42952dc30,
0x000002c42952e140, 0x000002c42952cd00, 0x000002c4295276f0, 0x000002c429529040,
0x000002c429526cd0, 0x000002c429528620, 0x000002c42952bdd0, 0x000002c429529550,
0x000002c429528b30, 0x000002c42952c2e0, 0x000002c42952c7f0, 0x000002c42952d210,
0x000002c42952e650, 0x000002c429529f70, 0x000002c42952a480, 0x000002c42952a990,
0x000002c42952aea0, 0x000002c406d59950, 0x000002c406d58f30, 0x000002c406d55270,
0x000002c406d59440, 0x000002c406d524e0, 0x000002c406d58510, 0x000002c406d59e60,
0x000002c406d54d60, 0x000002c406d55780, 0x000002c406d56bc0, 0x000002c406d58a20,
0x000002c406d570d0, 0x000002c406d54340, 0x000002c406d55c90, 0x000002c406d561a0,
0x000002c406d575e0, 0x000002c406d529f0, 0x000002c406d52f00, 0x000002c406d566b0,
0x000002c406d53410, 0x000002c406d53920, 0x000002c406d57af0
}

Java Threads: ( => current thread )
  0x000002c467d939c0 JavaThread "main" [_thread_blocked, id=18932, stack(0x000000f496400000,0x000000f496500000)]
  0x000002c406159be0 JavaThread "Reference Handler" daemon [_thread_blocked, id=18736, stack(0x000000f496b00000,0x000000f496c00000)]
  0x000002c40615cfc0 JavaThread "Finalizer" daemon [_thread_blocked, id=18744, stack(0x000000f496c00000,0x000000f496d00000)]
  0x000002c406177d00 JavaThread "Signal Dispatcher" daemon [_thread_blocked, id=10968, stack(0x000000f496d00000,0x000000f496e00000)]
  0x000002c4061786c0 JavaThread "Attach Listener" daemon [_thread_blocked, id=18668, stack(0x000000f496e00000,0x000000f496f00000)]
  0x000002c406179290 JavaThread "Service Thread" daemon [_thread_blocked, id=18696, stack(0x000000f496f00000,0x000000f497000000)]
  0x000002c406179e60 JavaThread "Monitor Deflation Thread" daemon [_thread_blocked, id=4728, stack(0x000000f497000000,0x000000f497100000)]
=>0x000002c40617ae10 JavaThread "C2 CompilerThread0" daemon [_thread_in_native, id=5572, stack(0x000000f497100000,0x000000f497200000)]
  0x000002c40618ca20 JavaThread "C1 CompilerThread0" daemon [_thread_blocked, id=19276, stack(0x000000f497200000,0x000000f497300000)]
  0x000002c406191a60 JavaThread "Sweeper thread" daemon [_thread_blocked, id=19280, stack(0x000000f497300000,0x000000f497400000)]
  0x000002c4063d2780 JavaThread "Common-Cleaner" daemon [_thread_blocked, id=19252, stack(0x000000f497400000,0x000000f497500000)]
  0x000002c4063d2c90 JavaThread "Notification Thread" daemon [_thread_blocked, id=19116, stack(0x000000f497500000,0x000000f497600000)]
  0x000002c4063d5a20 JavaThread "Daemon health stats" [_thread_blocked, id=2060, stack(0x000000f497b00000,0x000000f497c00000)]
  0x000002c4063d40d0 JavaThread "Incoming local TCP Connector on port 64155" [_thread_in_native, id=1856, stack(0x000000f497c00000,0x000000f497d00000)]
  0x000002c4063d4af0 JavaThread "Daemon periodic checks" [_thread_blocked, id=11172, stack(0x000000f497d00000,0x000000f497e00000)]
  0x000002c4063d45e0 JavaThread "Daemon" [_thread_blocked, id=16940, stack(0x000000f497e00000,0x000000f497f00000)]
  0x000002c4063d5000 JavaThread "Handler for socket connection from /127.0.0.1:64155 to /127.0.0.1:64156" [_thread_in_native, id=16800, stack(0x000000f497f00000,0x000000f498000000)]
  0x000002c4063d5510 JavaThread "Cancel handler" [_thread_blocked, id=6944, stack(0x000000f498000000,0x000000f498100000)]
  0x000002c4063d5f30 JavaThread "Daemon worker" [_thread_in_vm, id=3220, stack(0x000000f498100000,0x000000f498200000)]
  0x000002c4063d3bc0 JavaThread "Asynchronous log dispatcher for DefaultDaemonConnection: socket connection from /127.0.0.1:64155 to /127.0.0.1:64156" [_thread_blocked, id=18352, stack(0x000000f498200000,0x000000f498300000)]
  0x000002c4063d31a0 JavaThread "Stdin handler" [_thread_blocked, id=9616, stack(0x000000f498300000,0x000000f498400000)]
  0x000002c4063d36b0 JavaThread "Daemon client event forwarder" [_thread_blocked, id=15128, stack(0x000000f498400000,0x000000f498500000)]
  0x000002c426512d50 JavaThread "Cache worker for journal cache (C:\Users\cat50\.gradle\caches\journal-1)" [_thread_blocked, id=11608, stack(0x000000f498500000,0x000000f498600000)]
  0x000002c42650fab0 JavaThread "File lock request listener" [_thread_in_native, id=18484, stack(0x000000f498600000,0x000000f498700000)]
  0x000002c4265109e0 JavaThread "Cache worker for file hash cache (C:\Users\cat50\.gradle\caches\8.0.1\fileHashes)" [_thread_blocked, id=19376, stack(0x000000f498a00000,0x000000f498b00000)]
  0x000002c42650c810 JavaThread "File watcher server" daemon [_thread_in_native, id=16012, stack(0x000000f498b00000,0x000000f498c00000)]
  0x000002c42650eb80 JavaThread "File watcher consumer" daemon [_thread_blocked, id=12212, stack(0x000000f498c00000,0x000000f498d00000)]
  0x000002c426510ef0 JavaThread "Cache worker for checksums cache (D:\ReactNative\Screenwarriors\android\.gradle\8.0.1\checksums)" [_thread_blocked, id=18468, stack(0x000000f498d00000,0x000000f498e00000)]
  0x000002c4265104d0 JavaThread "Cache worker for cache directory md-rule (C:\Users\cat50\.gradle\caches\8.0.1\md-rule)" [_thread_blocked, id=14376, stack(0x000000f498e00000,0x000000f498f00000)]
  0x000002c42650d230 JavaThread "Cache worker for file content cache (C:\Users\cat50\.gradle\caches\8.0.1\fileContent)" [_thread_blocked, id=17476, stack(0x000000f498f00000,0x000000f499000000)]
  0x000002c42650cd20 JavaThread "Cache worker for file hash cache (D:\ReactNative\Screenwarriors\android\.gradle\8.0.1\fileHashes)" [_thread_blocked, id=564, stack(0x000000f499000000,0x000000f499100000)]
  0x000002c42650c300 JavaThread "Cache worker for cache directory md-supplier (C:\Users\cat50\.gradle\caches\8.0.1\md-supplier)" [_thread_blocked, id=8092, stack(0x000000f499200000,0x000000f499300000)]
  0x000002c426511400 JavaThread "Cache worker for execution history cache (C:\Users\cat50\.gradle\caches\8.0.1\executionHistory)" [_thread_blocked, id=14604, stack(0x000000f499300000,0x000000f499400000)]
  0x000002c42650bdf0 JavaThread "jar transforms" [_thread_blocked, id=18760, stack(0x000000f499400000,0x000000f499500000)]
  0x000002c426511e20 JavaThread "jar transforms Thread 2" [_thread_blocked, id=8420, stack(0x000000f499500000,0x000000f499600000)]
  0x000002c42650f5a0 JavaThread "jar transforms Thread 3" [_thread_blocked, id=12888, stack(0x000000f499600000,0x000000f499700000)]
  0x000002c42650d740 JavaThread "jar transforms Thread 4" [_thread_blocked, id=11272, stack(0x000000f499700000,0x000000f499800000)]
  0x000002c42650dc50 JavaThread "Cache worker for kotlin-dsl (C:\Users\cat50\.gradle\caches\8.0.1\kotlin-dsl)" [_thread_blocked, id=19596, stack(0x000000f499800000,0x000000f499900000)]
  0x000002c42650f090 JavaThread "jar transforms Thread 5" [_thread_blocked, id=19616, stack(0x000000f499900000,0x000000f499a00000)]
  0x000002c42650ffc0 JavaThread "jar transforms Thread 6" [_thread_blocked, id=19652, stack(0x000000f499a00000,0x000000f499b00000)]
  0x000002c426512840 JavaThread "Cache worker for dependencies-accessors (D:\ReactNative\Screenwarriors\android\.gradle\8.0.1\dependencies-accessors)" [_thread_blocked, id=19656, stack(0x000000f499b00000,0x000000f499c00000)]
  0x000002c426511910 JavaThread "Cache worker for Build Output Cleanup Cache (D:\ReactNative\Screenwarriors\node_modules\@react-native\gradle-plugin\.gradle\buildOutputCleanup)" [_thread_blocked, id=19700, stack(0x000000f499c00000,0x000000f499d00000)]
  0x000002c426512330 JavaThread "jar transforms Thread 7" [_thread_blocked, id=19712, stack(0x000000f499d00000,0x000000f499e00000)]
  0x000002c42650e160 JavaThread "Unconstrained build operations" [_thread_blocked, id=19764, stack(0x000000f499e00000,0x000000f499f00000)]
  0x000002c426513260 JavaThread "Unconstrained build operations Thread 2" [_thread_blocked, id=19768, stack(0x000000f499f00000,0x000000f49a000000)]
  0x000002c42613e130 JavaThread "Unconstrained build operations Thread 3" [_thread_blocked, id=19772, stack(0x000000f49a000000,0x000000f49a100000)]
  0x000002c42613b3a0 JavaThread "Unconstrained build operations Thread 4" [_thread_blocked, id=19776, stack(0x000000f49a100000,0x000000f49a200000)]
  0x000002c42613ae90 JavaThread "Unconstrained build operations Thread 5" [_thread_blocked, id=19780, stack(0x000000f49a200000,0x000000f49a300000)]
  0x000002c42613c7e0 JavaThread "Unconstrained build operations Thread 6" [_thread_blocked, id=19784, stack(0x000000f49a300000,0x000000f49a400000)]
  0x000002c42613bdc0 JavaThread "Unconstrained build operations Thread 7" [_thread_blocked, id=19788, stack(0x000000f49a400000,0x000000f49a500000)]
  0x000002c42613c2d0 JavaThread "Unconstrained build operations Thread 8" [_thread_blocked, id=19792, stack(0x000000f49a500000,0x000000f49a600000)]
  0x000002c42613b8b0 JavaThread "Unconstrained build operations Thread 9" [_thread_blocked, id=19796, stack(0x000000f49a600000,0x000000f49a700000)]
  0x000002c42613a980 JavaThread "Unconstrained build operations Thread 10" [_thread_blocked, id=19800, stack(0x000000f49a700000,0x000000f49a800000)]
  0x000002c42613ccf0 JavaThread "Unconstrained build operations Thread 11" [_thread_blocked, id=19804, stack(0x000000f49a800000,0x000000f49a900000)]
  0x000002c42613dc20 JavaThread "Unconstrained build operations Thread 12" [_thread_blocked, id=19808, stack(0x000000f49a900000,0x000000f49aa00000)]
  0x000002c42613d200 JavaThread "Unconstrained build operations Thread 13" [_thread_blocked, id=19812, stack(0x000000f49aa00000,0x000000f49ab00000)]
  0x000002c42613d710 JavaThread "Unconstrained build operations Thread 14" [_thread_blocked, id=19816, stack(0x000000f49ab00000,0x000000f49ac00000)]
  0x000002c428664e00 JavaThread "Unconstrained build operations Thread 15" [_thread_blocked, id=19820, stack(0x000000f49ac00000,0x000000f49ad00000)]
  0x000002c428662580 JavaThread "Unconstrained build operations Thread 16" [_thread_blocked, id=19824, stack(0x000000f49ad00000,0x000000f49ae00000)]
  0x000002c428660210 JavaThread "Unconstrained build operations Thread 17" [_thread_blocked, id=19828, stack(0x000000f49ae00000,0x000000f49af00000)]
  0x000002c428665310 JavaThread "Unconstrained build operations Thread 18" [_thread_blocked, id=19832, stack(0x000000f49af00000,0x000000f49b000000)]
  0x000002c428662a90 JavaThread "Unconstrained build operations Thread 19" [_thread_blocked, id=19836, stack(0x000000f49b000000,0x000000f49b100000)]
  0x000002c428662fa0 JavaThread "Unconstrained build operations Thread 20" [_thread_blocked, id=19840, stack(0x000000f49b100000,0x000000f49b200000)]
  0x000002c428660720 JavaThread "Unconstrained build operations Thread 21" [_thread_blocked, id=19844, stack(0x000000f49b200000,0x000000f49b300000)]
  0x000002c4286643e0 JavaThread "Unconstrained build operations Thread 22" [_thread_blocked, id=19848, stack(0x000000f49b300000,0x000000f49b400000)]
  0x000002c42865fd00 JavaThread "Unconstrained build operations Thread 23" [_thread_blocked, id=19852, stack(0x000000f49b400000,0x000000f49b500000)]
  0x000002c42865edd0 JavaThread "Unconstrained build operations Thread 24" [_thread_blocked, id=19856, stack(0x000000f49b500000,0x000000f49b600000)]
  0x000002c4286634b0 JavaThread "Unconstrained build operations Thread 25" [_thread_blocked, id=19860, stack(0x000000f49b600000,0x000000f49b700000)]
  0x000002c428662070 JavaThread "Unconstrained build operations Thread 26" [_thread_blocked, id=19864, stack(0x000000f49b700000,0x000000f49b800000)]
  0x000002c42865f2e0 JavaThread "jar transforms Thread 8" [_thread_blocked, id=19876, stack(0x000000f49b800000,0x000000f49b900000)]
  0x000002c428660c30 JavaThread "Memory manager" [_thread_blocked, id=19896, stack(0x000000f49b900000,0x000000f49ba00000)]
  0x000002c42865e3b0 JavaThread "Cache worker for Build Output Cleanup Cache (D:\ReactNative\Screenwarriors\android\.gradle\buildOutputCleanup)" [_thread_blocked, id=20012, stack(0x000000f49ba00000,0x000000f49bb00000)]
  0x000002c428661b60 JavaThread "included builds" [_thread_blocked, id=20112, stack(0x000000f49bb00000,0x000000f49bc00000)]
  0x000002c42865f7f0 JavaThread "Execution worker" [_thread_blocked, id=20116, stack(0x000000f49bc00000,0x000000f49bd00000)]
  0x000002c428661650 JavaThread "Execution worker Thread 2" [_thread_blocked, id=20120, stack(0x000000f49bd00000,0x000000f49be00000)]
  0x000002c428663ed0 JavaThread "Execution worker Thread 3" [_thread_blocked, id=20124, stack(0x000000f49be00000,0x000000f49bf00000)]
  0x000002c4286648f0 JavaThread "Execution worker Thread 4" [_thread_blocked, id=20128, stack(0x000000f49bf00000,0x000000f49c000000)]
  0x000002c42865dea0 JavaThread "Execution worker Thread 5" [_thread_blocked, id=20132, stack(0x000000f49c000000,0x000000f49c100000)]
  0x000002c428665820 JavaThread "Execution worker Thread 6" [_thread_blocked, id=20136, stack(0x000000f49c100000,0x000000f49c200000)]
  0x000002c427336a50 JavaThread "Execution worker Thread 7" [_thread_blocked, id=20140, stack(0x000000f49c200000,0x000000f49c300000)]
  0x000002c4273388b0 JavaThread "Cache worker for execution history cache (D:\ReactNative\Screenwarriors\node_modules\@react-native\gradle-plugin\.gradle\8.0.1\executionHistory)" [_thread_blocked, id=20144, stack(0x000000f49c300000,0x000000f49c400000)]
  0x000002c4273397e0 JavaThread "Unconstrained build operations Thread 27" [_thread_blocked, id=20148, stack(0x000000f49c400000,0x000000f49c500000)]
  0x000002c427337470 JavaThread "Unconstrained build operations Thread 28" [_thread_blocked, id=20152, stack(0x000000f49c500000,0x000000f49c600000)]
  0x000002c427337980 JavaThread "Unconstrained build operations Thread 29" [_thread_blocked, id=20156, stack(0x000000f49c600000,0x000000f49c700000)]
  0x000002c427336540 JavaThread "Unconstrained build operations Thread 30" [_thread_blocked, id=20160, stack(0x000000f49c700000,0x000000f49c800000)]
  0x000002c427336f60 JavaThread "Unconstrained build operations Thread 31" [_thread_blocked, id=20164, stack(0x000000f49c800000,0x000000f49c900000)]
  0x000002c427337e90 JavaThread "Unconstrained build operations Thread 32" [_thread_blocked, id=20168, stack(0x000000f49c900000,0x000000f49ca00000)]
  0x000002c4273383a0 JavaThread "Unconstrained build operations Thread 33" [_thread_blocked, id=20172, stack(0x000000f49ca00000,0x000000f49cb00000)]
  0x000002c427338dc0 JavaThread "Unconstrained build operations Thread 34" [_thread_blocked, id=20176, stack(0x000000f49cb00000,0x000000f49cc00000)]
  0x000002c42952b8c0 JavaThread "Unconstrained build operations Thread 35" [_thread_blocked, id=20180, stack(0x000000f49cc00000,0x000000f49cd00000)]
  0x000002c42952b3b0 JavaThread "Unconstrained build operations Thread 36" [_thread_blocked, id=20184, stack(0x000000f49cd00000,0x000000f49ce00000)]
  0x000002c4295271e0 JavaThread "Unconstrained build operations Thread 37" [_thread_blocked, id=20188, stack(0x000000f49ce00000,0x000000f49cf00000)]
  0x000002c429529a60 JavaThread "Unconstrained build operations Thread 38" [_thread_blocked, id=20192, stack(0x000000f49cf00000,0x000000f49d000000)]
  0x000002c42952d720 JavaThread "Unconstrained build operations Thread 39" [_thread_blocked, id=20196, stack(0x000000f49d000000,0x000000f49d100000)]
  0x000002c429528110 JavaThread "Unconstrained build operations Thread 40" [_thread_blocked, id=20200, stack(0x000000f49d100000,0x000000f49d200000)]
  0x000002c42952dc30 JavaThread "Unconstrained build operations Thread 41" [_thread_blocked, id=20204, stack(0x000000f49d200000,0x000000f49d300000)]
  0x000002c42952e140 JavaThread "Unconstrained build operations Thread 42" [_thread_blocked, id=20208, stack(0x000000f49d300000,0x000000f49d400000)]
  0x000002c42952cd00 JavaThread "Unconstrained build operations Thread 43" [_thread_blocked, id=20212, stack(0x000000f49d400000,0x000000f49d500000)]
  0x000002c4295276f0 JavaThread "Unconstrained build operations Thread 44" [_thread_blocked, id=20216, stack(0x000000f49d500000,0x000000f49d600000)]
  0x000002c429529040 JavaThread "Unconstrained build operations Thread 45" [_thread_blocked, id=20220, stack(0x000000f49d600000,0x000000f49d700000)]
  0x000002c429526cd0 JavaThread "Unconstrained build operations Thread 46" [_thread_blocked, id=20224, stack(0x000000f49d700000,0x000000f49d800000)]
  0x000002c429528620 JavaThread "Unconstrained build operations Thread 47" [_thread_blocked, id=20228, stack(0x000000f49d800000,0x000000f49d900000)]
  0x000002c42952bdd0 JavaThread "Unconstrained build operations Thread 48" [_thread_blocked, id=20232, stack(0x000000f49d900000,0x000000f49da00000)]
  0x000002c429529550 JavaThread "Unconstrained build operations Thread 49" [_thread_blocked, id=20236, stack(0x000000f49da00000,0x000000f49db00000)]
  0x000002c429528b30 JavaThread "Unconstrained build operations Thread 50" [_thread_blocked, id=20240, stack(0x000000f49db00000,0x000000f49dc00000)]
  0x000002c42952c2e0 JavaThread "Unconstrained build operations Thread 51" [_thread_blocked, id=20244, stack(0x000000f49dc00000,0x000000f49dd00000)]
  0x000002c42952c7f0 JavaThread "Unconstrained build operations Thread 52" [_thread_blocked, id=20276, stack(0x000000f49dd00000,0x000000f49de00000)]
  0x000002c42952d210 JavaThread "Unconstrained build operations Thread 53" [_thread_blocked, id=20280, stack(0x000000f49de00000,0x000000f49df00000)]
  0x000002c42952e650 JavaThread "Unconstrained build operations Thread 54" [_thread_blocked, id=20284, stack(0x000000f49df00000,0x000000f49e000000)]
  0x000002c429529f70 JavaThread "Unconstrained build operations Thread 55" [_thread_blocked, id=20288, stack(0x000000f49e000000,0x000000f49e100000)]
  0x000002c42952a480 JavaThread "Unconstrained build operations Thread 56" [_thread_blocked, id=20292, stack(0x000000f49e100000,0x000000f49e200000)]
  0x000002c42952a990 JavaThread "Unconstrained build operations Thread 57" [_thread_blocked, id=20296, stack(0x000000f49e200000,0x000000f49e300000)]
  0x000002c42952aea0 JavaThread "Unconstrained build operations Thread 58" [_thread_blocked, id=20300, stack(0x000000f49e300000,0x000000f49e400000)]
  0x000002c406d59950 JavaThread "Unconstrained build operations Thread 59" [_thread_blocked, id=20304, stack(0x000000f49e400000,0x000000f49e500000)]
  0x000002c406d58f30 JavaThread "Unconstrained build operations Thread 60" [_thread_blocked, id=20308, stack(0x000000f49e500000,0x000000f49e600000)]
  0x000002c406d55270 JavaThread "Unconstrained build operations Thread 61" [_thread_blocked, id=20312, stack(0x000000f49e600000,0x000000f49e700000)]
  0x000002c406d59440 JavaThread "Unconstrained build operations Thread 62" [_thread_blocked, id=20316, stack(0x000000f49e700000,0x000000f49e800000)]
  0x000002c406d524e0 JavaThread "Unconstrained build operations Thread 63" [_thread_blocked, id=20320, stack(0x000000f49e800000,0x000000f49e900000)]
  0x000002c406d58510 JavaThread "Unconstrained build operations Thread 64" [_thread_blocked, id=20324, stack(0x000000f49e900000,0x000000f49ea00000)]
  0x000002c406d59e60 JavaThread "Unconstrained build operations Thread 65" [_thread_blocked, id=20328, stack(0x000000f49ea00000,0x000000f49eb00000)]
  0x000002c406d54d60 JavaThread "Unconstrained build operations Thread 66" [_thread_blocked, id=20332, stack(0x000000f49eb00000,0x000000f49ec00000)]
  0x000002c406d55780 JavaThread "Unconstrained build operations Thread 67" [_thread_blocked, id=20336, stack(0x000000f49ec00000,0x000000f49ed00000)]
  0x000002c406d56bc0 JavaThread "Unconstrained build operations Thread 68" [_thread_blocked, id=20340, stack(0x000000f49ed00000,0x000000f49ee00000)]
  0x000002c406d58a20 JavaThread "Unconstrained build operations Thread 69" [_thread_blocked, id=20344, stack(0x000000f49ee00000,0x000000f49ef00000)]
  0x000002c406d570d0 JavaThread "Unconstrained build operations Thread 70" [_thread_blocked, id=20348, stack(0x000000f49ef00000,0x000000f49f000000)]
  0x000002c406d54340 JavaThread "Unconstrained build operations Thread 71" [_thread_blocked, id=20352, stack(0x000000f49f000000,0x000000f49f100000)]
  0x000002c406d55c90 JavaThread "Unconstrained build operations Thread 72" [_thread_blocked, id=20356, stack(0x000000f49f100000,0x000000f49f200000)]
  0x000002c406d561a0 JavaThread "Unconstrained build operations Thread 73" [_thread_blocked, id=20360, stack(0x000000f49f200000,0x000000f49f300000)]
  0x000002c406d575e0 JavaThread "Unconstrained build operations Thread 74" [_thread_blocked, id=20364, stack(0x000000f49f300000,0x000000f49f400000)]
  0x000002c406d529f0 JavaThread "Unconstrained build operations Thread 75" [_thread_blocked, id=20368, stack(0x000000f49f400000,0x000000f49f500000)]
  0x000002c406d52f00 JavaThread "Unconstrained build operations Thread 76" [_thread_blocked, id=20372, stack(0x000000f49f500000,0x000000f49f600000)]
  0x000002c406d566b0 JavaThread "Unconstrained build operations Thread 77" [_thread_blocked, id=20376, stack(0x000000f49f600000,0x000000f49f700000)]
  0x000002c406d53410 JavaThread "Unconstrained build operations Thread 78" [_thread_blocked, id=20380, stack(0x000000f49f700000,0x000000f49f800000)]
  0x000002c406d53920 JavaThread "Unconstrained build operations Thread 79" [_thread_blocked, id=20384, stack(0x000000f49f800000,0x000000f49f900000)]
  0x000002c406d57af0 JavaThread "Unconstrained build operations Thread 80" [_thread_blocked, id=20388, stack(0x000000f49f900000,0x000000f49fa00000)]

Other Threads:
  0x000002c406153050 VMThread "VM Thread" [stack: 0x000000f496a00000,0x000000f496b00000] [id=16536]
  0x000002c467e0f200 WatcherThread [stack: 0x000000f497600000,0x000000f497700000] [id=9900]
  0x000002c467df0e90 GCTaskThread "GC Thread#0" [stack: 0x000000f496500000,0x000000f496600000] [id=17816]
  0x000002c4064d3d90 GCTaskThread "GC Thread#1" [stack: 0x000000f497700000,0x000000f497800000] [id=3448]
  0x000002c4064d2d10 GCTaskThread "GC Thread#2" [stack: 0x000000f497800000,0x000000f497900000] [id=10564]
  0x000002c4064d4310 GCTaskThread "GC Thread#3" [stack: 0x000000f497900000,0x000000f497a00000] [id=18968]
  0x000002c4064d3290 GCTaskThread "GC Thread#4" [stack: 0x000000f497a00000,0x000000f497b00000] [id=15196]
  0x000002c4064d2a50 GCTaskThread "GC Thread#5" [stack: 0x000000f498700000,0x000000f498800000] [id=19356]
  0x000002c4064d3550 GCTaskThread "GC Thread#6" [stack: 0x000000f498800000,0x000000f498900000] [id=11696]
  0x000002c4064d3810 GCTaskThread "GC Thread#7" [stack: 0x000000f498900000,0x000000f498a00000] [id=17512]
  0x000002c467e02750 ConcurrentGCThread "G1 Main Marker" [stack: 0x000000f496600000,0x000000f496700000] [id=6712]
  0x000002c467e047b0 ConcurrentGCThread "G1 Conc#0" [stack: 0x000000f496700000,0x000000f496800000] [id=13360]
  0x000002c4263df600 ConcurrentGCThread "G1 Conc#1" [stack: 0x000000f499100000,0x000000f499200000] [id=18304]
  0x000002c467e6e870 ConcurrentGCThread "G1 Refine#0" [stack: 0x000000f496800000,0x000000f496900000] [id=8344]
  0x000002c406010390 ConcurrentGCThread "G1 Service" [stack: 0x000000f496900000,0x000000f496a00000] [id=17412]

Threads with active compile tasks:
C2 CompilerThread0    56865 10935   !   4       org.gradle.api.internal.attributes.DefaultImmutableAttributesFactory::doConcatIsolatable (128 bytes)

VM state: not at safepoint (normal execution)

VM Mutex/Monitor currently owned by a thread: None

Heap address: 0x0000000080000000, size: 2048 MB, Compressed Oops mode: 32-bit

CDS archive(s) mapped at: [0x000002c407000000-0x000002c407bd0000-0x000002c407bd0000), size 12386304, SharedBaseAddress: 0x000002c407000000, ArchiveRelocationMode: 1.
Compressed class space mapped at: 0x000002c408000000-0x000002c422000000, reserved size: 436207616
Narrow klass base: 0x000002c407000000, Narrow klass shift: 0, Narrow klass range: 0x100000000

GC Precious Log:
 CPUs: 8 total, 8 available
 Memory: 6081M
 Large Page Support: Disabled
 NUMA Support: Disabled
 Compressed Oops: Enabled (32-bit)
 Heap Region Size: 1M
 Heap Min Capacity: 8M
 Heap Initial Capacity: 96M
 Heap Max Capacity: 2G
 Pre-touch: Disabled
 Parallel Workers: 8
 Concurrent Workers: 2
 Concurrent Refinement Workers: 8
 Periodic GC: Disabled

Heap:
 garbage-first heap   total 219136K, used 135493K [0x0000000080000000, 0x0000000100000000)
  region size 1024K, 26 young (26624K), 9 survivors (9216K)
 Metaspace       used 88438K, committed 89216K, reserved 557056K
  class space    used 12225K, committed 12608K, reserved 425984K

Heap Regions: E=young(eden), S=young(survivor), O=old, HS=humongous(starts), HC=humongous(continues), CS=collection set, F=free, OA=open archive, CA=closed archive, TAMS=top-at-mark-start (previous, next)
|   0|0x0000000080000000, 0x0000000080100000, 0x0000000080100000|100%|HS|  |TAMS 0x0000000080100000, 0x0000000080000000| Complete 
|   1|0x0000000080100000, 0x0000000080200000, 0x0000000080200000|100%|HC|  |TAMS 0x0000000080200000, 0x0000000080100000| Complete 
|   2|0x0000000080200000, 0x0000000080300000, 0x0000000080300000|100%|HC|  |TAMS 0x0000000080300000, 0x0000000080200000| Complete 
|   3|0x0000000080300000, 0x0000000080400000, 0x0000000080400000|100%|HC|  |TAMS 0x0000000080400000, 0x0000000080300000| Complete 
|   4|0x0000000080400000, 0x0000000080500000, 0x0000000080500000|100%| O|  |TAMS 0x0000000080500000, 0x0000000080400000| Untracked 
|   5|0x0000000080500000, 0x0000000080600000, 0x0000000080600000|100%| O|  |TAMS 0x0000000080600000, 0x0000000080500000| Untracked 
|   6|0x0000000080600000, 0x0000000080700000, 0x0000000080700000|100%| O|  |TAMS 0x0000000080700000, 0x0000000080600000| Untracked 
|   7|0x0000000080700000, 0x0000000080800000, 0x0000000080800000|100%| O|  |TAMS 0x0000000080800000, 0x0000000080700000| Untracked 
|   8|0x0000000080800000, 0x0000000080900000, 0x0000000080900000|100%| O|  |TAMS 0x0000000080900000, 0x0000000080800000| Untracked 
|   9|0x0000000080900000, 0x0000000080a00000, 0x0000000080a00000|100%| O|  |TAMS 0x0000000080a00000, 0x0000000080900000| Untracked 
|  10|0x0000000080a00000, 0x0000000080b00000, 0x0000000080b00000|100%| O|  |TAMS 0x0000000080b00000, 0x0000000080a00000| Untracked 
|  11|0x0000000080b00000, 0x0000000080c00000, 0x0000000080c00000|100%| O|  |TAMS 0x0000000080c00000, 0x0000000080b00000| Untracked 
|  12|0x0000000080c00000, 0x0000000080d00000, 0x0000000080d00000|100%| O|  |TAMS 0x0000000080d00000, 0x0000000080c00000| Untracked 
|  13|0x0000000080d00000, 0x0000000080e00000, 0x0000000080e00000|100%| O|  |TAMS 0x0000000080e00000, 0x0000000080d00000| Untracked 
|  14|0x0000000080e00000, 0x0000000080f00000, 0x0000000080f00000|100%| O|  |TAMS 0x0000000080f00000, 0x0000000080e00000| Untracked 
|  15|0x0000000080f00000, 0x0000000081000000, 0x0000000081000000|100%| O|  |TAMS 0x0000000081000000, 0x0000000080f00000| Untracked 
|  16|0x0000000081000000, 0x0000000081100000, 0x0000000081100000|100%| O|  |TAMS 0x0000000081100000, 0x0000000081000000| Untracked 
|  17|0x0000000081100000, 0x0000000081200000, 0x0000000081200000|100%| O|  |TAMS 0x0000000081200000, 0x0000000081100000| Untracked 
|  18|0x0000000081200000, 0x0000000081300000, 0x0000000081300000|100%| O|  |TAMS 0x0000000081300000, 0x0000000081200000| Untracked 
|  19|0x0000000081300000, 0x0000000081400000, 0x0000000081400000|100%| O|  |TAMS 0x0000000081400000, 0x0000000081300000| Untracked 
|  20|0x0000000081400000, 0x0000000081500000, 0x0000000081500000|100%| O|  |TAMS 0x0000000081500000, 0x0000000081400000| Untracked 
|  21|0x0000000081500000, 0x0000000081600000, 0x0000000081600000|100%| O|  |TAMS 0x0000000081600000, 0x0000000081500000| Untracked 
|  22|0x0000000081600000, 0x0000000081700000, 0x0000000081700000|100%| O|  |TAMS 0x0000000081700000, 0x0000000081600000| Untracked 
|  23|0x0000000081700000, 0x0000000081800000, 0x0000000081800000|100%| O|  |TAMS 0x0000000081700000, 0x0000000081700000| Untracked 
|  24|0x0000000081800000, 0x0000000081900000, 0x0000000081900000|100%| O|  |TAMS 0x0000000081900000, 0x0000000081800000| Untracked 
|  25|0x0000000081900000, 0x0000000081a00000, 0x0000000081a00000|100%| O|  |TAMS 0x0000000081a00000, 0x0000000081900000| Untracked 
|  26|0x0000000081a00000, 0x0000000081b00000, 0x0000000081b00000|100%| O|  |TAMS 0x0000000081b00000, 0x0000000081a00000| Untracked 
|  27|0x0000000081b00000, 0x0000000081c00000, 0x0000000081c00000|100%| O|  |TAMS 0x0000000081c00000, 0x0000000081b00000| Untracked 
|  28|0x0000000081c00000, 0x0000000081d00000, 0x0000000081d00000|100%| O|  |TAMS 0x0000000081d00000, 0x0000000081c00000| Untracked 
|  29|0x0000000081d00000, 0x0000000081e00000, 0x0000000081e00000|100%|HS|  |TAMS 0x0000000081e00000, 0x0000000081d00000| Complete 
|  30|0x0000000081e00000, 0x0000000081f00000, 0x0000000081f00000|100%|HC|  |TAMS 0x0000000081f00000, 0x0000000081e00000| Complete 
|  31|0x0000000081f00000, 0x0000000082000000, 0x0000000082000000|100%| O|  |TAMS 0x0000000082000000, 0x0000000081f00000| Untracked 
|  32|0x0000000082000000, 0x0000000082100000, 0x0000000082100000|100%| O|  |TAMS 0x0000000082100000, 0x0000000082000000| Untracked 
|  33|0x0000000082100000, 0x0000000082200000, 0x0000000082200000|100%| O|  |TAMS 0x0000000082200000, 0x0000000082100000| Untracked 
|  34|0x0000000082200000, 0x0000000082300000, 0x0000000082300000|100%| O|  |TAMS 0x0000000082300000, 0x0000000082200000| Untracked 
|  35|0x0000000082300000, 0x0000000082400000, 0x0000000082400000|100%| O|  |TAMS 0x0000000082400000, 0x0000000082300000| Untracked 
|  36|0x0000000082400000, 0x0000000082500000, 0x0000000082500000|100%| O|  |TAMS 0x0000000082500000, 0x0000000082400000| Untracked 
|  37|0x0000000082500000, 0x0000000082600000, 0x0000000082600000|100%| O|  |TAMS 0x0000000082600000, 0x0000000082500000| Untracked 
|  38|0x0000000082600000, 0x0000000082700000, 0x0000000082700000|100%|HS|  |TAMS 0x0000000082700000, 0x0000000082600000| Complete 
|  39|0x0000000082700000, 0x0000000082800000, 0x0000000082800000|100%|HC|  |TAMS 0x0000000082800000, 0x0000000082700000| Complete 
|  40|0x0000000082800000, 0x0000000082900000, 0x0000000082900000|100%|HC|  |TAMS 0x0000000082900000, 0x0000000082800000| Complete 
|  41|0x0000000082900000, 0x0000000082a00000, 0x0000000082a00000|100%|HC|  |TAMS 0x0000000082a00000, 0x0000000082900000| Complete 
|  42|0x0000000082a00000, 0x0000000082b00000, 0x0000000082b00000|100%| O|  |TAMS 0x0000000082b00000, 0x0000000082a00000| Untracked 
|  43|0x0000000082b00000, 0x0000000082c00000, 0x0000000082c00000|100%| O|  |TAMS 0x0000000082c00000, 0x0000000082b00000| Untracked 
|  44|0x0000000082c00000, 0x0000000082d00000, 0x0000000082d00000|100%| O|  |TAMS 0x0000000082d00000, 0x0000000082c00000| Untracked 
|  45|0x0000000082d00000, 0x0000000082e00000, 0x0000000082e00000|100%| O|  |TAMS 0x0000000082e00000, 0x0000000082d00000| Untracked 
|  46|0x0000000082e00000, 0x0000000082f00000, 0x0000000082f00000|100%| O|  |TAMS 0x0000000082f00000, 0x0000000082e00000| Untracked 
|  47|0x0000000082f00000, 0x0000000083000000, 0x0000000083000000|100%| O|  |TAMS 0x0000000083000000, 0x0000000082f00000| Untracked 
|  48|0x0000000083000000, 0x0000000083100000, 0x0000000083100000|100%| O|  |TAMS 0x0000000083100000, 0x0000000083000000| Untracked 
|  49|0x0000000083100000, 0x0000000083200000, 0x0000000083200000|100%| O|  |TAMS 0x0000000083200000, 0x0000000083100000| Untracked 
|  50|0x0000000083200000, 0x0000000083300000, 0x0000000083300000|100%| O|  |TAMS 0x0000000083300000, 0x0000000083200000| Untracked 
|  51|0x0000000083300000, 0x0000000083400000, 0x0000000083400000|100%| O|  |TAMS 0x0000000083400000, 0x0000000083300000| Untracked 
|  52|0x0000000083400000, 0x0000000083500000, 0x0000000083500000|100%| O|  |TAMS 0x0000000083500000, 0x0000000083400000| Untracked 
|  53|0x0000000083500000, 0x0000000083600000, 0x0000000083600000|100%| O|  |TAMS 0x0000000083600000, 0x0000000083500000| Untracked 
|  54|0x0000000083600000, 0x0000000083700000, 0x0000000083700000|100%| O|  |TAMS 0x0000000083700000, 0x0000000083600000| Untracked 
|  55|0x0000000083700000, 0x0000000083800000, 0x0000000083800000|100%| O|  |TAMS 0x0000000083800000, 0x0000000083700000| Untracked 
|  56|0x0000000083800000, 0x0000000083900000, 0x0000000083900000|100%| O|  |TAMS 0x0000000083900000, 0x0000000083800000| Untracked 
|  57|0x0000000083900000, 0x0000000083a00000, 0x0000000083a00000|100%| O|  |TAMS 0x0000000083a00000, 0x0000000083900000| Untracked 
|  58|0x0000000083a00000, 0x0000000083b00000, 0x0000000083b00000|100%| O|  |TAMS 0x0000000083b00000, 0x0000000083a00000| Untracked 
|  59|0x0000000083b00000, 0x0000000083c00000, 0x0000000083c00000|100%|HS|  |TAMS 0x0000000083c00000, 0x0000000083b00000| Complete 
|  60|0x0000000083c00000, 0x0000000083d00000, 0x0000000083d00000|100%|HS|  |TAMS 0x0000000083d00000, 0x0000000083c00000| Complete 
|  61|0x0000000083d00000, 0x0000000083e00000, 0x0000000083e00000|100%| O|  |TAMS 0x0000000083e00000, 0x0000000083d00000| Untracked 
|  62|0x0000000083e00000, 0x0000000083f00000, 0x0000000083f00000|100%| O|  |TAMS 0x0000000083f00000, 0x0000000083e00000| Untracked 
|  63|0x0000000083f00000, 0x0000000084000000, 0x0000000084000000|100%| O|  |TAMS 0x0000000084000000, 0x0000000083f00000| Untracked 
|  64|0x0000000084000000, 0x0000000084100000, 0x0000000084100000|100%|HS|  |TAMS 0x0000000084000000, 0x0000000084000000| Complete 
|  65|0x0000000084100000, 0x0000000084200000, 0x0000000084200000|100%| O|  |TAMS 0x0000000084200000, 0x0000000084100000| Untracked 
|  66|0x0000000084200000, 0x0000000084300000, 0x0000000084300000|100%| O|  |TAMS 0x0000000084300000, 0x0000000084200000| Untracked 
|  67|0x0000000084300000, 0x0000000084400000, 0x0000000084400000|100%| O|  |TAMS 0x0000000084400000, 0x0000000084300000| Untracked 
|  68|0x0000000084400000, 0x0000000084500000, 0x0000000084500000|100%| O|  |TAMS 0x0000000084500000, 0x0000000084400000| Untracked 
|  69|0x0000000084500000, 0x0000000084600000, 0x0000000084600000|100%| O|  |TAMS 0x0000000084600000, 0x0000000084500000| Untracked 
|  70|0x0000000084600000, 0x0000000084700000, 0x0000000084700000|100%| O|  |TAMS 0x0000000084700000, 0x0000000084600000| Untracked 
|  71|0x0000000084700000, 0x0000000084800000, 0x0000000084800000|100%| O|  |TAMS 0x0000000084800000, 0x0000000084700000| Untracked 
|  72|0x0000000084800000, 0x0000000084900000, 0x0000000084900000|100%| O|  |TAMS 0x0000000084900000, 0x0000000084800000| Untracked 
|  73|0x0000000084900000, 0x0000000084a00000, 0x0000000084a00000|100%| O|  |TAMS 0x0000000084a00000, 0x0000000084900000| Untracked 
|  74|0x0000000084a00000, 0x0000000084b00000, 0x0000000084b00000|100%| O|  |TAMS 0x0000000084b00000, 0x0000000084a00000| Untracked 
|  75|0x0000000084b00000, 0x0000000084c00000, 0x0000000084c00000|100%| O|  |TAMS 0x0000000084c00000, 0x0000000084b00000| Untracked 
|  76|0x0000000084c00000, 0x0000000084d00000, 0x0000000084d00000|100%| O|  |TAMS 0x0000000084d00000, 0x0000000084c00000| Untracked 
|  77|0x0000000084d00000, 0x0000000084e00000, 0x0000000084e00000|100%| O|  |TAMS 0x0000000084e00000, 0x0000000084d00000| Untracked 
|  78|0x0000000084e00000, 0x0000000084f00000, 0x0000000084f00000|100%| O|  |TAMS 0x0000000084f00000, 0x0000000084e00000| Untracked 
|  79|0x0000000084f00000, 0x0000000085000000, 0x0000000085000000|100%| O|  |TAMS 0x0000000085000000, 0x0000000084f00000| Untracked 
|  80|0x0000000085000000, 0x0000000085100000, 0x0000000085100000|100%| O|  |TAMS 0x0000000085022400, 0x0000000085000000| Untracked 
|  81|0x0000000085100000, 0x0000000085200000, 0x0000000085200000|100%|HS|  |TAMS 0x0000000085100000, 0x0000000085100000| Complete 
|  82|0x0000000085200000, 0x0000000085300000, 0x0000000085300000|100%|HS|  |TAMS 0x0000000085200000, 0x0000000085200000| Complete 
|  83|0x0000000085300000, 0x0000000085400000, 0x0000000085400000|100%|HS|  |TAMS 0x0000000085300000, 0x0000000085300000| Complete 
|  84|0x0000000085400000, 0x0000000085500000, 0x0000000085500000|100%|HC|  |TAMS 0x0000000085400000, 0x0000000085400000| Complete 
|  85|0x0000000085500000, 0x0000000085600000, 0x0000000085600000|100%|HC|  |TAMS 0x0000000085500000, 0x0000000085500000| Complete 
|  86|0x0000000085600000, 0x0000000085700000, 0x0000000085700000|100%| O|  |TAMS 0x0000000085600000, 0x0000000085600000| Untracked 
|  87|0x0000000085700000, 0x0000000085800000, 0x0000000085800000|100%|HS|  |TAMS 0x0000000085700000, 0x0000000085700000| Complete 
|  88|0x0000000085800000, 0x0000000085900000, 0x0000000085900000|100%|HC|  |TAMS 0x0000000085800000, 0x0000000085800000| Complete 
|  89|0x0000000085900000, 0x0000000085a00000, 0x0000000085a00000|100%| O|  |TAMS 0x0000000085900000, 0x0000000085900000| Untracked 
|  90|0x0000000085a00000, 0x0000000085b00000, 0x0000000085b00000|100%| O|  |TAMS 0x0000000085a00000, 0x0000000085a00000| Untracked 
|  91|0x0000000085b00000, 0x0000000085c00000, 0x0000000085c00000|100%| O|  |TAMS 0x0000000085b00000, 0x0000000085b00000| Untracked 
|  92|0x0000000085c00000, 0x0000000085d00000, 0x0000000085d00000|100%| O|  |TAMS 0x0000000085c00000, 0x0000000085c00000| Untracked 
|  93|0x0000000085d00000, 0x0000000085e00000, 0x0000000085e00000|100%| O|  |TAMS 0x0000000085d00000, 0x0000000085d00000| Untracked 
|  94|0x0000000085e00000, 0x0000000085f00000, 0x0000000085f00000|100%| O|  |TAMS 0x0000000085e00000, 0x0000000085e00000| Untracked 
|  95|0x0000000085f00000, 0x0000000086000000, 0x0000000086000000|100%| O|  |TAMS 0x0000000085f00000, 0x0000000085f00000| Untracked 
|  96|0x0000000086000000, 0x0000000086100000, 0x0000000086100000|100%| O|  |TAMS 0x0000000086000000, 0x0000000086000000| Untracked 
|  97|0x0000000086100000, 0x0000000086200000, 0x0000000086200000|100%|HS|  |TAMS 0x0000000086100000, 0x0000000086100000| Complete 
|  98|0x0000000086200000, 0x0000000086300000, 0x0000000086300000|100%|HC|  |TAMS 0x0000000086200000, 0x0000000086200000| Complete 
|  99|0x0000000086300000, 0x0000000086400000, 0x0000000086400000|100%|HS|  |TAMS 0x0000000086300000, 0x0000000086300000| Complete 
| 100|0x0000000086400000, 0x0000000086500000, 0x0000000086500000|100%|HS|  |TAMS 0x0000000086400000, 0x0000000086400000| Complete 
| 101|0x0000000086500000, 0x0000000086600000, 0x0000000086600000|100%|HC|  |TAMS 0x0000000086500000, 0x0000000086500000| Complete 
| 102|0x0000000086600000, 0x0000000086700000, 0x0000000086700000|100%|HC|  |TAMS 0x0000000086600000, 0x0000000086600000| Complete 
| 103|0x0000000086700000, 0x0000000086800000, 0x0000000086800000|100%|HC|  |TAMS 0x0000000086700000, 0x0000000086700000| Complete 
| 104|0x0000000086800000, 0x0000000086900000, 0x0000000086900000|100%| O|  |TAMS 0x0000000086800000, 0x0000000086800000| Untracked 
| 105|0x0000000086900000, 0x0000000086a00000, 0x0000000086a00000|100%| O|  |TAMS 0x0000000086900000, 0x0000000086900000| Untracked 
| 106|0x0000000086a00000, 0x0000000086b00000, 0x0000000086b00000|100%| O|  |TAMS 0x0000000086a00000, 0x0000000086a00000| Untracked 
| 107|0x0000000086b00000, 0x0000000086b51400, 0x0000000086c00000| 31%| O|  |TAMS 0x0000000086b00000, 0x0000000086b00000| Untracked 
| 108|0x0000000086c00000, 0x0000000086c00000, 0x0000000086d00000|  0%| F|  |TAMS 0x0000000086c00000, 0x0000000086c00000| Untracked 
| 109|0x0000000086d00000, 0x0000000086d00000, 0x0000000086e00000|  0%| F|  |TAMS 0x0000000086d00000, 0x0000000086d00000| Untracked 
| 110|0x0000000086e00000, 0x0000000086e00000, 0x0000000086f00000|  0%| F|  |TAMS 0x0000000086e00000, 0x0000000086e00000| Untracked 
| 111|0x0000000086f00000, 0x0000000086f00000, 0x0000000087000000|  0%| F|  |TAMS 0x0000000086f00000, 0x0000000086f00000| Untracked 
| 112|0x0000000087000000, 0x0000000087000000, 0x0000000087100000|  0%| F|  |TAMS 0x0000000087000000, 0x0000000087000000| Untracked 
| 113|0x0000000087100000, 0x0000000087100000, 0x0000000087200000|  0%| F|  |TAMS 0x0000000087100000, 0x0000000087100000| Untracked 
| 114|0x0000000087200000, 0x0000000087200000, 0x0000000087300000|  0%| F|  |TAMS 0x0000000087200000, 0x0000000087200000| Untracked 
| 115|0x0000000087300000, 0x0000000087300000, 0x0000000087400000|  0%| F|  |TAMS 0x0000000087300000, 0x0000000087300000| Untracked 
| 116|0x0000000087400000, 0x0000000087400000, 0x0000000087500000|  0%| F|  |TAMS 0x0000000087400000, 0x0000000087400000| Untracked 
| 117|0x0000000087500000, 0x0000000087500000, 0x0000000087600000|  0%| F|  |TAMS 0x0000000087500000, 0x0000000087500000| Untracked 
| 118|0x0000000087600000, 0x0000000087600000, 0x0000000087700000|  0%| F|  |TAMS 0x0000000087600000, 0x0000000087600000| Untracked 
| 119|0x0000000087700000, 0x0000000087700000, 0x0000000087800000|  0%| F|  |TAMS 0x0000000087700000, 0x0000000087700000| Untracked 
| 120|0x0000000087800000, 0x0000000087800000, 0x0000000087900000|  0%| F|  |TAMS 0x0000000087800000, 0x0000000087800000| Untracked 
| 121|0x0000000087900000, 0x0000000087900000, 0x0000000087a00000|  0%| F|  |TAMS 0x0000000087900000, 0x0000000087900000| Untracked 
| 122|0x0000000087a00000, 0x0000000087a00000, 0x0000000087b00000|  0%| F|  |TAMS 0x0000000087a00000, 0x0000000087a00000| Untracked 
| 123|0x0000000087b00000, 0x0000000087b00000, 0x0000000087c00000|  0%| F|  |TAMS 0x0000000087b00000, 0x0000000087b00000| Untracked 
| 124|0x0000000087c00000, 0x0000000087c00000, 0x0000000087d00000|  0%| F|  |TAMS 0x0000000087c00000, 0x0000000087c00000| Untracked 
| 125|0x0000000087d00000, 0x0000000087d00000, 0x0000000087e00000|  0%| F|  |TAMS 0x0000000087d00000, 0x0000000087d00000| Untracked 
| 126|0x0000000087e00000, 0x0000000087e00000, 0x0000000087f00000|  0%| F|  |TAMS 0x0000000087e00000, 0x0000000087e00000| Untracked 
| 127|0x0000000087f00000, 0x0000000087f00000, 0x0000000088000000|  0%| F|  |TAMS 0x0000000087f00000, 0x0000000087f00000| Untracked 
| 128|0x0000000088000000, 0x0000000088000000, 0x0000000088100000|  0%| F|  |TAMS 0x0000000088000000, 0x0000000088000000| Untracked 
| 129|0x0000000088100000, 0x0000000088100000, 0x0000000088200000|  0%| F|  |TAMS 0x0000000088100000, 0x0000000088100000| Untracked 
| 130|0x0000000088200000, 0x0000000088200000, 0x0000000088300000|  0%| F|  |TAMS 0x0000000088200000, 0x0000000088200000| Untracked 
| 131|0x0000000088300000, 0x0000000088300000, 0x0000000088400000|  0%| F|  |TAMS 0x0000000088300000, 0x0000000088300000| Untracked 
| 132|0x0000000088400000, 0x0000000088400000, 0x0000000088500000|  0%| F|  |TAMS 0x0000000088400000, 0x0000000088400000| Untracked 
| 133|0x0000000088500000, 0x0000000088500000, 0x0000000088600000|  0%| F|  |TAMS 0x0000000088500000, 0x0000000088500000| Untracked 
| 134|0x0000000088600000, 0x0000000088600000, 0x0000000088700000|  0%| F|  |TAMS 0x0000000088600000, 0x0000000088600000| Untracked 
| 135|0x0000000088700000, 0x0000000088700000, 0x0000000088800000|  0%| F|  |TAMS 0x0000000088700000, 0x0000000088700000| Untracked 
| 136|0x0000000088800000, 0x0000000088800000, 0x0000000088900000|  0%| F|  |TAMS 0x0000000088800000, 0x0000000088800000| Untracked 
| 137|0x0000000088900000, 0x0000000088900000, 0x0000000088a00000|  0%| F|  |TAMS 0x0000000088900000, 0x0000000088900000| Untracked 
| 138|0x0000000088a00000, 0x0000000088a00000, 0x0000000088b00000|  0%| F|  |TAMS 0x0000000088a00000, 0x0000000088a00000| Untracked 
| 139|0x0000000088b00000, 0x0000000088b00000, 0x0000000088c00000|  0%| F|  |TAMS 0x0000000088b00000, 0x0000000088b00000| Untracked 
| 140|0x0000000088c00000, 0x0000000088c00000, 0x0000000088d00000|  0%| F|  |TAMS 0x0000000088c00000, 0x0000000088c00000| Untracked 
| 141|0x0000000088d00000, 0x0000000088d00000, 0x0000000088e00000|  0%| F|  |TAMS 0x0000000088d00000, 0x0000000088d00000| Untracked 
| 142|0x0000000088e00000, 0x0000000088f00000, 0x0000000088f00000|100%| S|CS|TAMS 0x0000000088e00000, 0x0000000088e00000| Complete 
| 143|0x0000000088f00000, 0x0000000089000000, 0x0000000089000000|100%| S|CS|TAMS 0x0000000088f00000, 0x0000000088f00000| Complete 
| 144|0x0000000089000000, 0x0000000089100000, 0x0000000089100000|100%| S|CS|TAMS 0x0000000089000000, 0x0000000089000000| Complete 
| 145|0x0000000089100000, 0x0000000089200000, 0x0000000089200000|100%| S|CS|TAMS 0x0000000089100000, 0x0000000089100000| Complete 
| 146|0x0000000089200000, 0x0000000089300000, 0x0000000089300000|100%| S|CS|TAMS 0x0000000089200000, 0x0000000089200000| Complete 
| 147|0x0000000089300000, 0x0000000089400000, 0x0000000089400000|100%| S|CS|TAMS 0x0000000089300000, 0x0000000089300000| Complete 
| 148|0x0000000089400000, 0x0000000089500000, 0x0000000089500000|100%| S|CS|TAMS 0x0000000089400000, 0x0000000089400000| Complete 
| 149|0x0000000089500000, 0x0000000089600000, 0x0000000089600000|100%| S|CS|TAMS 0x0000000089500000, 0x0000000089500000| Complete 
| 150|0x0000000089600000, 0x0000000089700000, 0x0000000089700000|100%| S|CS|TAMS 0x0000000089600000, 0x0000000089600000| Complete 
| 151|0x0000000089700000, 0x0000000089700000, 0x0000000089800000|  0%| F|  |TAMS 0x0000000089700000, 0x0000000089700000| Untracked 
| 152|0x0000000089800000, 0x0000000089800000, 0x0000000089900000|  0%| F|  |TAMS 0x0000000089800000, 0x0000000089800000| Untracked 
| 153|0x0000000089900000, 0x0000000089900000, 0x0000000089a00000|  0%| F|  |TAMS 0x0000000089900000, 0x0000000089900000| Untracked 
| 154|0x0000000089a00000, 0x0000000089a00000, 0x0000000089b00000|  0%| F|  |TAMS 0x0000000089a00000, 0x0000000089a00000| Untracked 
| 155|0x0000000089b00000, 0x0000000089b00000, 0x0000000089c00000|  0%| F|  |TAMS 0x0000000089b00000, 0x0000000089b00000| Untracked 
| 156|0x0000000089c00000, 0x0000000089c00000, 0x0000000089d00000|  0%| F|  |TAMS 0x0000000089c00000, 0x0000000089c00000| Untracked 
| 157|0x0000000089d00000, 0x0000000089d00000, 0x0000000089e00000|  0%| F|  |TAMS 0x0000000089d00000, 0x0000000089d00000| Untracked 
| 158|0x0000000089e00000, 0x0000000089e00000, 0x0000000089f00000|  0%| F|  |TAMS 0x0000000089e00000, 0x0000000089e00000| Untracked 
| 159|0x0000000089f00000, 0x0000000089f00000, 0x000000008a000000|  0%| F|  |TAMS 0x0000000089f00000, 0x0000000089f00000| Untracked 
| 160|0x000000008a000000, 0x000000008a000000, 0x000000008a100000|  0%| F|  |TAMS 0x000000008a000000, 0x000000008a000000| Untracked 
| 161|0x000000008a100000, 0x000000008a100000, 0x000000008a200000|  0%| F|  |TAMS 0x000000008a100000, 0x000000008a100000| Untracked 
| 162|0x000000008a200000, 0x000000008a200000, 0x000000008a300000|  0%| F|  |TAMS 0x000000008a200000, 0x000000008a200000| Untracked 
| 163|0x000000008a300000, 0x000000008a300000, 0x000000008a400000|  0%| F|  |TAMS 0x000000008a300000, 0x000000008a300000| Untracked 
| 164|0x000000008a400000, 0x000000008a400000, 0x000000008a500000|  0%| F|  |TAMS 0x000000008a400000, 0x000000008a400000| Untracked 
| 165|0x000000008a500000, 0x000000008a500000, 0x000000008a600000|  0%| F|  |TAMS 0x000000008a500000, 0x000000008a500000| Untracked 
| 166|0x000000008a600000, 0x000000008a600000, 0x000000008a700000|  0%| F|  |TAMS 0x000000008a600000, 0x000000008a600000| Untracked 
| 167|0x000000008a700000, 0x000000008a700000, 0x000000008a800000|  0%| F|  |TAMS 0x000000008a700000, 0x000000008a700000| Untracked 
| 168|0x000000008a800000, 0x000000008a800000, 0x000000008a900000|  0%| F|  |TAMS 0x000000008a800000, 0x000000008a800000| Untracked 
| 169|0x000000008a900000, 0x000000008a900000, 0x000000008aa00000|  0%| F|  |TAMS 0x000000008a900000, 0x000000008a900000| Untracked 
| 170|0x000000008aa00000, 0x000000008aa00000, 0x000000008ab00000|  0%| F|  |TAMS 0x000000008aa00000, 0x000000008aa00000| Untracked 
| 171|0x000000008ab00000, 0x000000008ab00000, 0x000000008ac00000|  0%| F|  |TAMS 0x000000008ab00000, 0x000000008ab00000| Untracked 
| 172|0x000000008ac00000, 0x000000008ac00000, 0x000000008ad00000|  0%| F|  |TAMS 0x000000008ac00000, 0x000000008ac00000| Untracked 
| 173|0x000000008ad00000, 0x000000008ad00000, 0x000000008ae00000|  0%| F|  |TAMS 0x000000008ad00000, 0x000000008ad00000| Untracked 
| 174|0x000000008ae00000, 0x000000008ae00000, 0x000000008af00000|  0%| F|  |TAMS 0x000000008ae00000, 0x000000008ae00000| Untracked 
| 175|0x000000008af00000, 0x000000008af00000, 0x000000008b000000|  0%| F|  |TAMS 0x000000008af00000, 0x000000008af00000| Untracked 
| 176|0x000000008b000000, 0x000000008b000000, 0x000000008b100000|  0%| F|  |TAMS 0x000000008b000000, 0x000000008b000000| Untracked 
| 177|0x000000008b100000, 0x000000008b100000, 0x000000008b200000|  0%| F|  |TAMS 0x000000008b100000, 0x000000008b100000| Untracked 
| 178|0x000000008b200000, 0x000000008b200000, 0x000000008b300000|  0%| F|  |TAMS 0x000000008b200000, 0x000000008b200000| Untracked 
| 179|0x000000008b300000, 0x000000008b300000, 0x000000008b400000|  0%| F|  |TAMS 0x000000008b300000, 0x000000008b300000| Untracked 
| 180|0x000000008b400000, 0x000000008b400000, 0x000000008b500000|  0%| F|  |TAMS 0x000000008b400000, 0x000000008b400000| Untracked 
| 181|0x000000008b500000, 0x000000008b500000, 0x000000008b600000|  0%| F|  |TAMS 0x000000008b500000, 0x000000008b500000| Untracked 
| 182|0x000000008b600000, 0x000000008b600000, 0x000000008b700000|  0%| F|  |TAMS 0x000000008b600000, 0x000000008b600000| Untracked 
| 183|0x000000008b700000, 0x000000008b700000, 0x000000008b800000|  0%| F|  |TAMS 0x000000008b700000, 0x000000008b700000| Untracked 
| 184|0x000000008b800000, 0x000000008b800000, 0x000000008b900000|  0%| F|  |TAMS 0x000000008b800000, 0x000000008b800000| Untracked 
| 185|0x000000008b900000, 0x000000008b900000, 0x000000008ba00000|  0%| F|  |TAMS 0x000000008b900000, 0x000000008b900000| Untracked 
| 186|0x000000008ba00000, 0x000000008ba00000, 0x000000008bb00000|  0%| F|  |TAMS 0x000000008ba00000, 0x000000008ba00000| Untracked 
| 187|0x000000008bb00000, 0x000000008bb00000, 0x000000008bc00000|  0%| F|  |TAMS 0x000000008bb00000, 0x000000008bb00000| Untracked 
| 188|0x000000008bc00000, 0x000000008bc00000, 0x000000008bd00000|  0%| F|  |TAMS 0x000000008bc00000, 0x000000008bc00000| Untracked 
| 189|0x000000008bd00000, 0x000000008bd00000, 0x000000008be00000|  0%| F|  |TAMS 0x000000008bd00000, 0x000000008bd00000| Untracked 
| 190|0x000000008be00000, 0x000000008be00000, 0x000000008bf00000|  0%| F|  |TAMS 0x000000008be00000, 0x000000008be00000| Untracked 
| 191|0x000000008bf00000, 0x000000008bf00000, 0x000000008c000000|  0%| F|  |TAMS 0x000000008bf00000, 0x000000008bf00000| Untracked 
| 192|0x000000008c000000, 0x000000008c000000, 0x000000008c100000|  0%| F|  |TAMS 0x000000008c000000, 0x000000008c000000| Untracked 
| 193|0x000000008c100000, 0x000000008c100000, 0x000000008c200000|  0%| F|  |TAMS 0x000000008c100000, 0x000000008c100000| Untracked 
| 194|0x000000008c200000, 0x000000008c200000, 0x000000008c300000|  0%| F|  |TAMS 0x000000008c200000, 0x000000008c200000| Untracked 
| 195|0x000000008c300000, 0x000000008c300000, 0x000000008c400000|  0%| F|  |TAMS 0x000000008c300000, 0x000000008c300000| Untracked 
| 196|0x000000008c400000, 0x000000008c400000, 0x000000008c500000|  0%| F|  |TAMS 0x000000008c400000, 0x000000008c400000| Untracked 
| 197|0x000000008c500000, 0x000000008c580800, 0x000000008c600000| 50%| E|  |TAMS 0x000000008c500000, 0x000000008c500000| Complete 
| 198|0x000000008c600000, 0x000000008c700000, 0x000000008c700000|100%| E|CS|TAMS 0x000000008c600000, 0x000000008c600000| Complete 
| 199|0x000000008c700000, 0x000000008c800000, 0x000000008c800000|100%| E|CS|TAMS 0x000000008c700000, 0x000000008c700000| Complete 
| 200|0x000000008c800000, 0x000000008c900000, 0x000000008c900000|100%| E|CS|TAMS 0x000000008c800000, 0x000000008c800000| Complete 
| 201|0x000000008c900000, 0x000000008ca00000, 0x000000008ca00000|100%| E|CS|TAMS 0x000000008c900000, 0x000000008c900000| Complete 
| 202|0x000000008ca00000, 0x000000008cb00000, 0x000000008cb00000|100%| E|CS|TAMS 0x000000008ca00000, 0x000000008ca00000| Complete 
| 203|0x000000008cb00000, 0x000000008cc00000, 0x000000008cc00000|100%| E|CS|TAMS 0x000000008cb00000, 0x000000008cb00000| Complete 
| 204|0x000000008cc00000, 0x000000008cd00000, 0x000000008cd00000|100%| E|CS|TAMS 0x000000008cc00000, 0x000000008cc00000| Complete 
| 205|0x000000008cd00000, 0x000000008ce00000, 0x000000008ce00000|100%| E|CS|TAMS 0x000000008cd00000, 0x000000008cd00000| Complete 
| 206|0x000000008ce00000, 0x000000008cf00000, 0x000000008cf00000|100%| E|CS|TAMS 0x000000008ce00000, 0x000000008ce00000| Complete 
| 207|0x000000008cf00000, 0x000000008d000000, 0x000000008d000000|100%| E|CS|TAMS 0x000000008cf00000, 0x000000008cf00000| Complete 
| 208|0x000000008d000000, 0x000000008d100000, 0x000000008d100000|100%| E|CS|TAMS 0x000000008d000000, 0x000000008d000000| Complete 
| 209|0x000000008d100000, 0x000000008d200000, 0x000000008d200000|100%| E|CS|TAMS 0x000000008d100000, 0x000000008d100000| Complete 
| 210|0x000000008d200000, 0x000000008d300000, 0x000000008d300000|100%| E|CS|TAMS 0x000000008d200000, 0x000000008d200000| Complete 
| 211|0x000000008d300000, 0x000000008d400000, 0x000000008d400000|100%| E|CS|TAMS 0x000000008d300000, 0x000000008d300000| Complete 
| 212|0x000000008d400000, 0x000000008d500000, 0x000000008d500000|100%| E|CS|TAMS 0x000000008d400000, 0x000000008d400000| Complete 
| 213|0x000000008d500000, 0x000000008d600000, 0x000000008d600000|100%| E|CS|TAMS 0x000000008d500000, 0x000000008d500000| Complete 

Card table byte_map: [0x000002c47ed90000,0x000002c47f190000] _byte_map_base: 0x000002c47e990000

Marking Bits (Prev, Next): (CMBitMap*) 0x000002c467df14f0, (CMBitMap*) 0x000002c467df14b0
 Prev Bits: [0x000002c402000000, 0x000002c404000000)
 Next Bits: [0x000002c400000000, 0x000002c402000000)

Polling page: 0x000002c467570000

Metaspace:

Usage:
  Non-class:     74.43 MB used.
      Class:     11.94 MB used.
       Both:     86.37 MB used.

Virtual space:
  Non-class space:      128.00 MB reserved,      74.81 MB ( 58%) committed,  2 nodes.
      Class space:      416.00 MB reserved,      12.31 MB (  3%) committed,  1 nodes.
             Both:      544.00 MB reserved,      87.12 MB ( 16%) committed. 

Chunk freelists:
   Non-Class:  4.69 MB
       Class:  3.70 MB
        Both:  8.39 MB

MaxMetaspaceSize: 512.00 MB
CompressedClassSpaceSize: 416.00 MB
Initial GC threshold: 21.00 MB
Current GC threshold: 133.25 MB
CDS: on
MetaspaceReclaimPolicy: balanced
 - commit_granule_bytes: 65536.
 - commit_granule_words: 8192.
 - virtual_space_node_default_size: 8388608.
 - enlarge_chunks_in_place: 1.
 - new_chunks_are_fully_committed: 0.
 - uncommit_free_chunks: 1.
 - use_allocation_guard: 0.
 - handle_deallocations: 1.


Internal statistics:

num_allocs_failed_limit: 6.
num_arena_births: 916.
num_arena_deaths: 0.
num_vsnodes_births: 3.
num_vsnodes_deaths: 0.
num_space_committed: 1394.
num_space_uncommitted: 0.
num_chunks_returned_to_freelist: 6.
num_chunks_taken_from_freelist: 4531.
num_chunk_merges: 6.
num_chunk_splits: 3096.
num_chunks_enlarged: 2155.
num_inconsistent_stats: 0.

CodeHeap 'non-profiled nmethods': size=120000Kb used=4642Kb max_used=4642Kb free=115357Kb
 bounds [0x000002c477120000, 0x000002c4775b0000, 0x000002c47e650000]
CodeHeap 'profiled nmethods': size=120000Kb used=19961Kb max_used=19961Kb free=100038Kb
 bounds [0x000002c46f650000, 0x000002c4709d0000, 0x000002c476b80000]
CodeHeap 'non-nmethods': size=5760Kb used=2399Kb max_used=2455Kb free=3360Kb
 bounds [0x000002c476b80000, 0x000002c476df0000, 0x000002c477120000]
 total_blobs=11137 nmethods=10203 adapters=845
 compilation: enabled
              stopped_count=0, restarted_count=0
 full_count=0

Compilation events (20 events):
Event: 56.367 Thread 0x000002c40618ca20 11112       3       com.android.io.CancellableFileIo::exists (9 bytes)
Event: 56.367 Thread 0x000002c40618ca20 nmethod 11112 0x000002c4709c1710 code [0x000002c4709c18c0, 0x000002c4709c1b58]
Event: 56.373 Thread 0x000002c40618ca20 11113       3       sun.nio.fs.WindowsPath$WindowsPathWithAttributes::resolve (6 bytes)
Event: 56.374 Thread 0x000002c40618ca20 nmethod 11113 0x000002c4709c1c90 code [0x000002c4709c1e20, 0x000002c4709c1f68]
Event: 56.384 Thread 0x000002c40618ca20 11114       3       java.nio.file.Files$2::next (5 bytes)
Event: 56.384 Thread 0x000002c40618ca20 nmethod 11114 0x000002c4709c2010 code [0x000002c4709c21e0, 0x000002c4709c26e8]
Event: 56.384 Thread 0x000002c40618ca20 11115   !   3       java.nio.file.Files$2::next (26 bytes)
Event: 56.385 Thread 0x000002c40618ca20 nmethod 11115 0x000002c4709c2890 code [0x000002c4709c2a60, 0x000002c4709c2ee8]
Event: 56.415 Thread 0x000002c40618ca20 11116       3       java.nio.file.Files::newDirectoryStream (12 bytes)
Event: 56.415 Thread 0x000002c40618ca20 nmethod 11116 0x000002c4709c3090 code [0x000002c4709c3260, 0x000002c4709c3608]
Event: 56.550 Thread 0x000002c40618ca20 11118       3       sun.nio.fs.WindowsFileSystemProvider::newDirectoryStream (31 bytes)
Event: 56.551 Thread 0x000002c40618ca20 nmethod 11118 0x000002c4709c3790 code [0x000002c4709c39c0, 0x000002c4709c4488]
Event: 56.551 Thread 0x000002c40618ca20 11119   !   3       sun.nio.fs.WindowsDirectoryStream::iterator (66 bytes)
Event: 56.552 Thread 0x000002c40618ca20 nmethod 11119 0x000002c4709c4790 code [0x000002c4709c4980, 0x000002c4709c4ea8]
Event: 56.552 Thread 0x000002c40618ca20 11120       3       sun.nio.fs.WindowsDirectoryStream$WindowsDirectoryIterator::<init> (73 bytes)
Event: 56.553 Thread 0x000002c40618ca20 nmethod 11120 0x000002c4709c5110 code [0x000002c4709c5360, 0x000002c4709c5cf8]
Event: 56.590 Thread 0x000002c40618ca20 11121       3       com.android.repository.impl.manager.LocalRepoLoaderImpl$$Lambda$1262/0x000002c408c4ab70::test (8 bytes)
Event: 56.591 Thread 0x000002c40618ca20 nmethod 11121 0x000002c4709c6010 code [0x000002c4709c61e0, 0x000002c4709c6718]
Event: 56.591 Thread 0x000002c40618ca20 11122       3       com.android.repository.impl.manager.LocalRepoLoaderImpl::lambda$collectPackages$0 (9 bytes)
Event: 56.592 Thread 0x000002c40618ca20 nmethod 11122 0x000002c4709c6890 code [0x000002c4709c6a60, 0x000002c4709c6df8]

GC Heap History (20 events):
Event: 39.215 GC heap before
{Heap before GC invocations=37 (full 0):
 garbage-first heap   total 137216K, used 105831K [0x0000000080000000, 0x0000000100000000)
  region size 1024K, 32 young (32768K), 3 survivors (3072K)
 Metaspace       used 73891K, committed 74624K, reserved 491520K
  class space    used 10084K, committed 10432K, reserved 425984K
}
Event: 39.221 GC heap after
{Heap after GC invocations=38 (full 0):
 garbage-first heap   total 137216K, used 76958K [0x0000000080000000, 0x0000000100000000)
  region size 1024K, 4 young (4096K), 4 survivors (4096K)
 Metaspace       used 73891K, committed 74624K, reserved 491520K
  class space    used 10084K, committed 10432K, reserved 425984K
}
Event: 39.320 GC heap before
{Heap before GC invocations=38 (full 0):
 garbage-first heap   total 137216K, used 79006K [0x0000000080000000, 0x0000000100000000)
  region size 1024K, 6 young (6144K), 4 survivors (4096K)
 Metaspace       used 73893K, committed 74624K, reserved 491520K
  class space    used 10085K, committed 10432K, reserved 425984K
}
Event: 39.328 GC heap after
{Heap after GC invocations=39 (full 0):
 garbage-first heap   total 137216K, used 76980K [0x0000000080000000, 0x0000000100000000)
  region size 1024K, 1 young (1024K), 1 survivors (1024K)
 Metaspace       used 73893K, committed 74624K, reserved 491520K
  class space    used 10085K, committed 10432K, reserved 425984K
}
Event: 47.594 GC heap before
{Heap before GC invocations=39 (full 0):
 garbage-first heap   total 137216K, used 107700K [0x0000000080000000, 0x0000000100000000)
  region size 1024K, 31 young (31744K), 1 survivors (1024K)
 Metaspace       used 75062K, committed 75776K, reserved 557056K
  class space    used 10223K, committed 10560K, reserved 425984K
}
Event: 47.601 GC heap after
{Heap after GC invocations=40 (full 0):
 garbage-first heap   total 137216K, used 79822K [0x0000000080000000, 0x0000000100000000)
  region size 1024K, 4 young (4096K), 4 survivors (4096K)
 Metaspace       used 75062K, committed 75776K, reserved 557056K
  class space    used 10223K, committed 10560K, reserved 425984K
}
Event: 49.020 GC heap before
{Heap before GC invocations=41 (full 0):
 garbage-first heap   total 140288K, used 109518K [0x0000000080000000, 0x0000000100000000)
  region size 1024K, 33 young (33792K), 4 survivors (4096K)
 Metaspace       used 78713K, committed 79488K, reserved 557056K
  class space    used 10896K, committed 11264K, reserved 425984K
}
Event: 49.028 GC heap after
{Heap after GC invocations=42 (full 0):
 garbage-first heap   total 140288K, used 81403K [0x0000000080000000, 0x0000000100000000)
  region size 1024K, 2 young (2048K), 2 survivors (2048K)
 Metaspace       used 78713K, committed 79488K, reserved 557056K
  class space    used 10896K, committed 11264K, reserved 425984K
}
Event: 49.213 GC heap before
{Heap before GC invocations=42 (full 0):
 garbage-first heap   total 140288K, used 85499K [0x0000000080000000, 0x0000000100000000)
  region size 1024K, 6 young (6144K), 2 survivors (2048K)
 Metaspace       used 79240K, committed 80000K, reserved 557056K
  class space    used 10989K, committed 11328K, reserved 425984K
}
Event: 49.217 GC heap after
{Heap after GC invocations=43 (full 0):
 garbage-first heap   total 140288K, used 81554K [0x0000000080000000, 0x0000000100000000)
  region size 1024K, 1 young (1024K), 1 survivors (1024K)
 Metaspace       used 79240K, committed 80000K, reserved 557056K
  class space    used 10989K, committed 11328K, reserved 425984K
}
Event: 50.526 GC heap before
{Heap before GC invocations=43 (full 0):
 garbage-first heap   total 140288K, used 112274K [0x0000000080000000, 0x0000000100000000)
  region size 1024K, 32 young (32768K), 1 survivors (1024K)
 Metaspace       used 81103K, committed 81856K, reserved 557056K
  class space    used 11219K, committed 11584K, reserved 425984K
}
Event: 50.535 GC heap after
{Heap after GC invocations=44 (full 0):
 garbage-first heap   total 140288K, used 83564K [0x0000000080000000, 0x0000000100000000)
  region size 1024K, 3 young (3072K), 3 survivors (3072K)
 Metaspace       used 81103K, committed 81856K, reserved 557056K
  class space    used 11219K, committed 11584K, reserved 425984K
}
Event: 51.975 GC heap before
{Heap before GC invocations=45 (full 0):
 garbage-first heap   total 145408K, used 121452K [0x0000000080000000, 0x0000000100000000)
  region size 1024K, 32 young (32768K), 3 survivors (3072K)
 Metaspace       used 82878K, committed 83648K, reserved 557056K
  class space    used 11434K, committed 11776K, reserved 425984K
}
Event: 51.985 GC heap after
{Heap after GC invocations=46 (full 0):
 garbage-first heap   total 145408K, used 98697K [0x0000000080000000, 0x0000000100000000)
  region size 1024K, 4 young (4096K), 4 survivors (4096K)
 Metaspace       used 82878K, committed 83648K, reserved 557056K
  class space    used 11434K, committed 11776K, reserved 425984K
}
Event: 52.098 GC heap before
{Heap before GC invocations=46 (full 0):
 garbage-first heap   total 145408K, used 101769K [0x0000000080000000, 0x0000000100000000)
  region size 1024K, 7 young (7168K), 4 survivors (4096K)
 Metaspace       used 82943K, committed 83712K, reserved 557056K
  class space    used 11448K, committed 11840K, reserved 425984K
}
Event: 52.105 GC heap after
{Heap after GC invocations=47 (full 0):
 garbage-first heap   total 145408K, used 98941K [0x0000000080000000, 0x0000000100000000)
  region size 1024K, 1 young (1024K), 1 survivors (1024K)
 Metaspace       used 82943K, committed 83712K, reserved 557056K
  class space    used 11448K, committed 11840K, reserved 425984K
}
Event: 52.708 GC heap before
{Heap before GC invocations=47 (full 0):
 garbage-first heap   total 145408K, used 118397K [0x0000000080000000, 0x0000000100000000)
  region size 1024K, 20 young (20480K), 1 survivors (1024K)
 Metaspace       used 83988K, committed 84800K, reserved 557056K
  class space    used 11642K, committed 12032K, reserved 425984K
}
Event: 52.714 GC heap after
{Heap after GC invocations=48 (full 0):
 garbage-first heap   total 219136K, used 101537K [0x0000000080000000, 0x0000000100000000)
  region size 1024K, 3 young (3072K), 3 survivors (3072K)
 Metaspace       used 83988K, committed 84800K, reserved 557056K
  class space    used 11642K, committed 12032K, reserved 425984K
}
Event: 55.403 GC heap before
{Heap before GC invocations=48 (full 0):
 garbage-first heap   total 219136K, used 172193K [0x0000000080000000, 0x0000000100000000)
  region size 1024K, 66 young (67584K), 3 survivors (3072K)
 Metaspace       used 87086K, committed 87936K, reserved 557056K
  class space    used 12027K, committed 12416K, reserved 425984K
}
Event: 55.417 GC heap after
{Heap after GC invocations=49 (full 0):
 garbage-first heap   total 219136K, used 119109K [0x0000000080000000, 0x0000000100000000)
  region size 1024K, 9 young (9216K), 9 survivors (9216K)
 Metaspace       used 87086K, committed 87936K, reserved 557056K
  class space    used 12027K, committed 12416K, reserved 425984K
}

Deoptimization events (20 events):
Event: 54.337 Thread 0x000002c4063d5f30 DEOPT PACKING pc=0x000002c46fb7e066 sp=0x000000f4981f66b0
Event: 54.338 Thread 0x000002c4063d5f30 DEOPT UNPACKING pc=0x000002c476bd2b43 sp=0x000000f4981f5b78 mode 0
Event: 54.418 Thread 0x000002c4063d5f30 DEOPT PACKING pc=0x000002c46fa48250 sp=0x000000f4981f7580
Event: 54.418 Thread 0x000002c4063d5f30 DEOPT UNPACKING pc=0x000002c476bd2b43 sp=0x000000f4981f6a60 mode 0
Event: 54.596 Thread 0x000002c4063d5f30 DEOPT PACKING pc=0x000002c4700d853b sp=0x000000f4981f6c60
Event: 54.596 Thread 0x000002c4063d5f30 DEOPT UNPACKING pc=0x000002c476bd2b43 sp=0x000000f4981f6200 mode 0
Event: 55.078 Thread 0x000002c4063d5f30 Uncommon trap: trap_request=0xfffffff4 fr.pc=0x000002c47753cfe4 relative=0x00000000000009c4
Event: 55.078 Thread 0x000002c4063d5f30 Uncommon trap: reason=null_check action=make_not_entrant pc=0x000002c47753cfe4 method=com.sun.beans.introspect.MethodInfo$MethodOrder.compare(Ljava/lang/reflect/Method;Ljava/lang/reflect/Method;)I @ 133 c2
Event: 55.078 Thread 0x000002c4063d5f30 DEOPT PACKING pc=0x000002c47753cfe4 sp=0x000000f4981f57f0
Event: 55.078 Thread 0x000002c4063d5f30 DEOPT UNPACKING pc=0x000002c476bd23a3 sp=0x000000f4981f5720 mode 2
Event: 55.078 Thread 0x000002c4063d5f30 Uncommon trap: trap_request=0xfffffff4 fr.pc=0x000002c47753ace4 relative=0x0000000000000964
Event: 55.078 Thread 0x000002c4063d5f30 Uncommon trap: reason=null_check action=make_not_entrant pc=0x000002c47753ace4 method=com.sun.beans.introspect.MethodInfo$MethodOrder.compare(Ljava/lang/reflect/Method;Ljava/lang/reflect/Method;)I @ 133 c2
Event: 55.078 Thread 0x000002c4063d5f30 DEOPT PACKING pc=0x000002c47753ace4 sp=0x000000f4981f5760
Event: 55.078 Thread 0x000002c4063d5f30 DEOPT UNPACKING pc=0x000002c476bd23a3 sp=0x000000f4981f5718 mode 2
Event: 55.251 Thread 0x000002c4063d5f30 DEOPT PACKING pc=0x000002c46fc7cc31 sp=0x000000f4981f8ac0
Event: 55.251 Thread 0x000002c4063d5f30 DEOPT UNPACKING pc=0x000002c476bd2b43 sp=0x000000f4981f7fb0 mode 0
Event: 55.574 Thread 0x000002c4063d5f30 Uncommon trap: trap_request=0xffffff45 fr.pc=0x000002c477557f94 relative=0x0000000000000074
Event: 55.574 Thread 0x000002c4063d5f30 Uncommon trap: reason=unstable_if action=reinterpret pc=0x000002c477557f94 method=org.gradle.internal.logging.slf4j.OutputEventListenerBackedLogger.isLevelAtMost(Lorg/gradle/api/logging/LogLevel;)Z @ 11 c2
Event: 55.574 Thread 0x000002c4063d5f30 DEOPT PACKING pc=0x000002c477557f94 sp=0x000000f4981f8b00
Event: 55.574 Thread 0x000002c4063d5f30 DEOPT UNPACKING pc=0x000002c476bd23a3 sp=0x000000f4981f8aa0 mode 2

Classes unloaded (0 events):
No events

Classes redefined (0 events):
No events

Internal exceptions (20 events):
Event: 56.783 Thread 0x000002c4063d5f30 Exception <a 'sun/nio/fs/WindowsException'{0x000000008c645428}> (0x000000008c645428) 
thrown [s\open\src\hotspot\share\prims\jni.cpp, line 516]
Event: 56.783 Thread 0x000002c4063d5f30 Exception <a 'sun/nio/fs/WindowsException'{0x000000008c6457a8}> (0x000000008c6457a8) 
thrown [s\open\src\hotspot\share\prims\jni.cpp, line 516]
Event: 56.786 Thread 0x000002c4063d5f30 Exception <a 'sun/nio/fs/WindowsException'{0x000000008c649be8}> (0x000000008c649be8) 
thrown [s\open\src\hotspot\share\prims\jni.cpp, line 516]
Event: 56.786 Thread 0x000002c4063d5f30 Exception <a 'sun/nio/fs/WindowsException'{0x000000008c649f68}> (0x000000008c649f68) 
thrown [s\open\src\hotspot\share\prims\jni.cpp, line 516]
Event: 56.787 Thread 0x000002c4063d5f30 Exception <a 'sun/nio/fs/WindowsException'{0x000000008c64d3d0}> (0x000000008c64d3d0) 
thrown [s\open\src\hotspot\share\prims\jni.cpp, line 516]
Event: 56.787 Thread 0x000002c4063d5f30 Exception <a 'sun/nio/fs/WindowsException'{0x000000008c64d770}> (0x000000008c64d770) 
thrown [s\open\src\hotspot\share\prims\jni.cpp, line 516]
Event: 56.788 Thread 0x000002c4063d5f30 Exception <a 'sun/nio/fs/WindowsException'{0x000000008c651bf8}> (0x000000008c651bf8) 
thrown [s\open\src\hotspot\share\prims\jni.cpp, line 516]
Event: 56.788 Thread 0x000002c4063d5f30 Exception <a 'sun/nio/fs/WindowsException'{0x000000008c651f58}> (0x000000008c651f58) 
thrown [s\open\src\hotspot\share\prims\jni.cpp, line 516]
Event: 56.789 Thread 0x000002c4063d5f30 Exception <a 'sun/nio/fs/WindowsException'{0x000000008c6553b0}> (0x000000008c6553b0) 
thrown [s\open\src\hotspot\share\prims\jni.cpp, line 516]
Event: 56.789 Thread 0x000002c4063d5f30 Exception <a 'sun/nio/fs/WindowsException'{0x000000008c655738}> (0x000000008c655738) 
thrown [s\open\src\hotspot\share\prims\jni.cpp, line 516]
Event: 56.791 Thread 0x000002c4063d5f30 Exception <a 'sun/nio/fs/WindowsException'{0x000000008c659b60}> (0x000000008c659b60) 
thrown [s\open\src\hotspot\share\prims\jni.cpp, line 516]
Event: 56.791 Thread 0x000002c4063d5f30 Exception <a 'sun/nio/fs/WindowsException'{0x000000008c659ec0}> (0x000000008c659ec0) 
thrown [s\open\src\hotspot\share\prims\jni.cpp, line 516]
Event: 56.791 Thread 0x000002c4063d5f30 Exception <a 'sun/nio/fs/WindowsException'{0x000000008c65d310}> (0x000000008c65d310) 
thrown [s\open\src\hotspot\share\prims\jni.cpp, line 516]
Event: 56.791 Thread 0x000002c4063d5f30 Exception <a 'sun/nio/fs/WindowsException'{0x000000008c65d690}> (0x000000008c65d690) 
thrown [s\open\src\hotspot\share\prims\jni.cpp, line 516]
Event: 56.792 Thread 0x000002c4063d5f30 Exception <a 'sun/nio/fs/WindowsException'{0x000000008c661ac8}> (0x000000008c661ac8) 
thrown [s\open\src\hotspot\share\prims\jni.cpp, line 516]
Event: 56.792 Thread 0x000002c4063d5f30 Exception <a 'sun/nio/fs/WindowsException'{0x000000008c661e38}> (0x000000008c661e38) 
thrown [s\open\src\hotspot\share\prims\jni.cpp, line 516]
Event: 56.793 Thread 0x000002c4063d5f30 Exception <a 'sun/nio/fs/WindowsException'{0x000000008c665298}> (0x000000008c665298) 
thrown [s\open\src\hotspot\share\prims\jni.cpp, line 516]
Event: 56.793 Thread 0x000002c4063d5f30 Exception <a 'sun/nio/fs/WindowsException'{0x000000008c665628}> (0x000000008c665628) 
thrown [s\open\src\hotspot\share\prims\jni.cpp, line 516]
Event: 56.795 Thread 0x000002c4063d5f30 Exception <a 'sun/nio/fs/WindowsException'{0x000000008c669a98}> (0x000000008c669a98) 
thrown [s\open\src\hotspot\share\prims\jni.cpp, line 516]
Event: 56.795 Thread 0x000002c4063d5f30 Exception <a 'sun/nio/fs/WindowsException'{0x000000008c669df8}> (0x000000008c669df8) 
thrown [s\open\src\hotspot\share\prims\jni.cpp, line 516]

VM Operations (20 events):
Event: 50.769 Executing VM operation: G1Concurrent
Event: 50.770 Executing VM operation: G1Concurrent done
Event: 51.776 Executing VM operation: Cleanup
Event: 51.777 Executing VM operation: Cleanup done
Event: 51.974 Executing VM operation: G1CollectForAllocation
Event: 51.985 Executing VM operation: G1CollectForAllocation done
Event: 52.098 Executing VM operation: G1CollectForAllocation
Event: 52.105 Executing VM operation: G1CollectForAllocation done
Event: 52.708 Executing VM operation: G1CollectForAllocation
Event: 52.715 Executing VM operation: G1CollectForAllocation done
Event: 53.181 Executing VM operation: ICBufferFull
Event: 53.181 Executing VM operation: ICBufferFull done
Event: 54.191 Executing VM operation: Cleanup
Event: 54.191 Executing VM operation: Cleanup done
Event: 55.202 Executing VM operation: Cleanup
Event: 55.202 Executing VM operation: Cleanup done
Event: 55.402 Executing VM operation: G1CollectForAllocation
Event: 55.417 Executing VM operation: G1CollectForAllocation done
Event: 56.428 Executing VM operation: Cleanup
Event: 56.428 Executing VM operation: Cleanup done

Events (20 events):
Event: 55.347 loading class java/net/Proxy$Type
Event: 55.348 loading class java/net/Proxy$Type done
Event: 55.592 loading class java/io/ObjectOutputStream$BlockDataOutputStream
Event: 55.594 loading class java/io/ObjectOutputStream$BlockDataOutputStream done
Event: 55.594 loading class java/io/ObjectOutputStream$HandleTable
Event: 55.595 loading class java/io/ObjectOutputStream$HandleTable done
Event: 55.595 loading class java/io/ObjectOutputStream$ReplaceTable
Event: 55.596 loading class java/io/ObjectOutputStream$ReplaceTable done
Event: 55.597 loading class java/io/Bits
Event: 55.599 loading class java/io/Bits done
Event: 55.616 loading class javax/xml/namespace/QName
Event: 55.617 loading class javax/xml/namespace/QName done
Event: 55.894 loading class java/util/Collections$UnmodifiableSortedSet
Event: 55.895 loading class java/util/Collections$UnmodifiableSortedSet done
Event: 55.898 loading class java/util/concurrent/Semaphore$NonfairSync
Event: 55.901 loading class java/util/concurrent/Semaphore$Sync
Event: 55.905 loading class java/util/concurrent/Semaphore$Sync done
Event: 55.905 loading class java/util/concurrent/Semaphore$NonfairSync done
Event: 55.912 loading class java/nio/file/Files$2
Event: 55.914 loading class java/nio/file/Files$2 done


Dynamic libraries:
0x00007ff72ef60000 - 0x00007ff72ef70000 	C:\Program Files\java\jdk-17\bin\java.exe
0x00007ffa863e0000 - 0x00007ffa865e9000 	C:\Windows\SYSTEM32\ntdll.dll
0x00007ffa842a0000 - 0x00007ffa8435d000 	C:\Windows\System32\KERNEL32.DLL
0x00007ffa83c60000 - 0x00007ffa83fdc000 	C:\Windows\System32\KERNELBASE.dll
0x00007ffa83aa0000 - 0x00007ffa83bb1000 	C:\Windows\System32\ucrtbase.dll
0x00007ffa68bf0000 - 0x00007ffa68c09000 	C:\Program Files\java\jdk-17\bin\jli.dll
0x00007ffa7d380000 - 0x00007ffa7d39b000 	C:\Program Files\java\jdk-17\bin\VCRUNTIME140.dll
0x00007ffa84ea0000 - 0x00007ffa84f4e000 	C:\Windows\System32\ADVAPI32.dll
0x00007ffa85e50000 - 0x00007ffa85ef3000 	C:\Windows\System32\msvcrt.dll
0x00007ffa86200000 - 0x00007ffa8629e000 	C:\Windows\System32\sechost.dll
0x00007ffa860e0000 - 0x00007ffa86200000 	C:\Windows\System32\RPCRT4.dll
0x00007ffa85450000 - 0x00007ffa855fd000 	C:\Windows\System32\USER32.dll
0x00007ffa6dec0000 - 0x00007ffa6e165000 	C:\Windows\WinSxS\amd64_microsoft.windows.common-controls_6595b64144ccf1df_6.0.22000.120_none_9d947278b86cc467\COMCTL32.dll
0x00007ffa83bc0000 - 0x00007ffa83be6000 	C:\Windows\System32\win32u.dll
0x00007ffa84270000 - 0x00007ffa84299000 	C:\Windows\System32\GDI32.dll
0x00007ffa83fe0000 - 0x00007ffa840f8000 	C:\Windows\System32\gdi32full.dll
0x00007ffa7b790000 - 0x00007ffa7b79a000 	C:\Windows\SYSTEM32\VERSION.dll
0x00007ffa83980000 - 0x00007ffa83a1d000 	C:\Windows\System32\msvcp_win.dll
0x00007ffa85670000 - 0x00007ffa856a1000 	C:\Windows\System32\IMM32.DLL
0x00007ffa80640000 - 0x00007ffa8064c000 	C:\Program Files\java\jdk-17\bin\vcruntime140_1.dll
0x00007ffa4bda0000 - 0x00007ffa4be2e000 	C:\Program Files\java\jdk-17\bin\msvcp140.dll
0x00007ffa35ab0000 - 0x00007ffa3668f000 	C:\Program Files\java\jdk-17\bin\server\jvm.dll
0x00007ffa860b0000 - 0x00007ffa860b8000 	C:\Windows\System32\PSAPI.DLL
0x00007ffa7d220000 - 0x00007ffa7d253000 	C:\Windows\SYSTEM32\WINMM.dll
0x00007ffa7ee30000 - 0x00007ffa7ee39000 	C:\Windows\SYSTEM32\WSOCK32.dll
0x00007ffa84f50000 - 0x00007ffa84fbf000 	C:\Windows\System32\WS2_32.dll
0x00007ffa829b0000 - 0x00007ffa829c8000 	C:\Windows\SYSTEM32\kernel.appcore.dll
0x00007ffa7e0a0000 - 0x00007ffa7e0aa000 	C:\Program Files\java\jdk-17\bin\jimage.dll
0x00007ffa7a9c0000 - 0x00007ffa7abe1000 	C:\Windows\SYSTEM32\DBGHELP.DLL
0x00007ffa6e2f0000 - 0x00007ffa6e321000 	C:\Windows\SYSTEM32\dbgcore.DLL
0x00007ffa83a20000 - 0x00007ffa83a9f000 	C:\Windows\System32\bcryptPrimitives.dll
0x00007ffa53a20000 - 0x00007ffa53a45000 	C:\Program Files\java\jdk-17\bin\java.dll
0x00007ffa4bcc0000 - 0x00007ffa4bd97000 	C:\Program Files\java\jdk-17\bin\jsvml.dll
0x00007ffa84510000 - 0x00007ffa84cc8000 	C:\Windows\System32\SHELL32.dll
0x00007ffa81a20000 - 0x00007ffa82288000 	C:\Windows\SYSTEM32\windows.storage.dll
0x00007ffa850d0000 - 0x00007ffa85449000 	C:\Windows\System32\combase.dll
0x00007ffa818b0000 - 0x00007ffa81a16000 	C:\Windows\SYSTEM32\wintypes.dll
0x00007ffa84420000 - 0x00007ffa8450a000 	C:\Windows\System32\SHCORE.dll
0x00007ffa843c0000 - 0x00007ffa8441d000 	C:\Windows\System32\shlwapi.dll
0x00007ffa837f0000 - 0x00007ffa83811000 	C:\Windows\SYSTEM32\profapi.dll
0x00007ffa67330000 - 0x00007ffa67349000 	C:\Program Files\java\jdk-17\bin\net.dll
0x00007ffa7e100000 - 0x00007ffa7e20c000 	C:\Windows\SYSTEM32\WINHTTP.dll
0x00007ffa82de0000 - 0x00007ffa82e47000 	C:\Windows\system32\mswsock.dll
0x00007ffa61ac0000 - 0x00007ffa61ad6000 	C:\Program Files\java\jdk-17\bin\nio.dll
0x00007ffa60e70000 - 0x00007ffa60e88000 	C:\Program Files\java\jdk-17\bin\zip.dll
0x00007ffa75660000 - 0x00007ffa75670000 	C:\Program Files\java\jdk-17\bin\verify.dll
0x00007ffa53480000 - 0x00007ffa534a7000 	C:\Users\cat50\.gradle\native\68d5fa5c4cc2d200863cafc0d521ce42e7d3e7ee720ec0a83991735586a16f82\windows-amd64\native-platform.dll
0x00007ffa4bb70000 - 0x00007ffa4bcb4000 	C:\Users\cat50\.gradle\native\e376f236ea51e6404a007f0833ffe2c6e607c4080706a723a18a27aeea778392\windows-amd64\native-platform-file-events.dll
0x00007ffa705b0000 - 0x00007ffa705ba000 	C:\Program Files\java\jdk-17\bin\management.dll
0x00007ffa70420000 - 0x00007ffa7042b000 	C:\Program Files\java\jdk-17\bin\management_ext.dll
0x00007ffa83020000 - 0x00007ffa83038000 	C:\Windows\SYSTEM32\CRYPTSP.dll
0x00007ffa82910000 - 0x00007ffa82945000 	C:\Windows\system32\rsaenh.dll
0x00007ffa82ed0000 - 0x00007ffa82ef9000 	C:\Windows\SYSTEM32\USERENV.dll
0x00007ffa831b0000 - 0x00007ffa831d7000 	C:\Windows\SYSTEM32\bcrypt.dll
0x00007ffa83040000 - 0x00007ffa8304c000 	C:\Windows\SYSTEM32\CRYPTBASE.dll
0x00007ffa82520000 - 0x00007ffa8254d000 	C:\Windows\SYSTEM32\IPHLPAPI.DLL
0x00007ffa85600000 - 0x00007ffa85609000 	C:\Windows\System32\NSI.dll
0x00007ffa7dfb0000 - 0x00007ffa7dfc9000 	C:\Windows\SYSTEM32\dhcpcsvc6.DLL
0x00007ffa7e750000 - 0x00007ffa7e76e000 	C:\Windows\SYSTEM32\dhcpcsvc.DLL
0x00007ffa82550000 - 0x00007ffa82638000 	C:\Windows\SYSTEM32\DNSAPI.dll
0x00007ffa6d380000 - 0x00007ffa6d38e000 	C:\Program Files\java\jdk-17\bin\sunmscapi.dll
0x00007ffa84100000 - 0x00007ffa84262000 	C:\Windows\System32\CRYPT32.dll
0x00007ffa83180000 - 0x00007ffa831a8000 	C:\Windows\SYSTEM32\ncrypt.dll
0x00007ffa83140000 - 0x00007ffa83177000 	C:\Windows\SYSTEM32\NTASN1.dll
0x00007ffa6c7f0000 - 0x00007ffa6c7f8000 	C:\Windows\system32\wshunix.dll

dbghelp: loaded successfully - version: 4.0.5 - missing functions: none
symbol engine: initialized successfully - sym options: 0x614 - pdb path: .;C:\Program Files\java\jdk-17\bin;C:\Windows\SYSTEM32;C:\Windows\WinSxS\amd64_microsoft.windows.common-controls_6595b64144ccf1df_6.0.22000.120_none_9d947278b86cc467;C:\Program Files\java\jdk-17\bin\server;C:\Users\cat50\.gradle\native\68d5fa5c4cc2d200863cafc0d521ce42e7d3e7ee720ec0a83991735586a16f82\windows-amd64;C:\Users\cat50\.gradle\native\e376f236ea51e6404a007f0833ffe2c6e607c4080706a723a18a27aeea778392\windows-amd64

VM Arguments:
jvm_args: -XX:MaxMetaspaceSize=512m --add-opens=java.base/java.util=ALL-UNNAMED --add-opens=java.base/java.lang=ALL-UNNAMED --add-opens=java.base/java.lang.invoke=ALL-UNNAMED --add-opens=java.prefs/java.util.prefs=ALL-UNNAMED --add-opens=java.base/java.nio.charset=ALL-UNNAMED --add-opens=java.base/java.net=ALL-UNNAMED --add-opens=java.base/java.util.concurrent.atomic=ALL-UNNAMED -Xmx2048m -Dfile.encoding=windows-1252 -Duser.country=IN -Duser.language=en -Duser.variant 
java_command: org.gradle.launcher.daemon.bootstrap.GradleDaemon 8.0.1
java_class_path (initial): C:\Users\cat50\.gradle\wrapper\dists\gradle-8.0.1-all\aro4hu1c3oeioove7l0i4i14o\gradle-8.0.1\lib\gradle-launcher-8.0.1.jar
Launcher Type: SUN_STANDARD

[Global flags]
     intx CICompilerCount                          = 4                                         {product} {ergonomic}
   size_t CompressedClassSpaceSize                 = 436207616                                 {product} {ergonomic}
     uint ConcGCThreads                            = 2                                         {product} {ergonomic}
     uint G1ConcRefinementThreads                  = 8                                         {product} {ergonomic}
   size_t G1HeapRegionSize                         = 1048576                                   {product} {ergonomic}
    uintx GCDrainStackTargetSize                   = 64                                        {product} {ergonomic}
   size_t InitialHeapSize                          = 100663296                                 {product} {ergonomic}
   size_t MarkStackSize                            = 4194304                                   {product} {ergonomic}
   size_t MaxHeapSize                              = 2147483648                                {product} {command line}
   size_t MaxMetaspaceSize                         = 536870912                                 {product} {command line}
   size_t MaxNewSize                               = 1287651328                                {product} {ergonomic}
   size_t MinHeapDeltaBytes                        = 1048576                                   {product} {ergonomic}
   size_t MinHeapSize                              = 8388608                                   {product} {ergonomic}
    uintx NonNMethodCodeHeapSize                   = 5839372                                {pd product} {ergonomic}
    uintx NonProfiledCodeHeapSize                  = 122909434                              {pd product} {ergonomic}
    uintx ProfiledCodeHeapSize                     = 122909434                              {pd product} {ergonomic}
    uintx ReservedCodeCacheSize                    = 251658240                              {pd product} {ergonomic}
     bool SegmentedCodeCache                       = true                                      {product} {ergonomic}
   size_t SoftMaxHeapSize                          = 2147483648                             {manageable} {ergonomic}
     bool UseCompressedClassPointers               = true                           {product lp64_product} {ergonomic}
     bool UseCompressedOops                        = true                           {product lp64_product} {ergonomic}
     bool UseG1GC                                  = true                                      {product} {ergonomic}
     bool UseLargePagesIndividualAllocation        = false                                  {pd product} {ergonomic}

Logging:
Log output configuration:
 #0: stdout all=warning uptime,level,tags
 #1: stderr all=off uptime,level,tags

Environment Variables:
JAVA_HOME=C:\Program Files\java\jdk-17
CLASSPATH=D:\ReactNative\Screenwarriors\android\\gradle\wrapper\gradle-wrapper.jar
PATH=D:\ReactNative\Screenwarriors\node_modules\.bin;D:\ReactNative\Screenwarriors\node_modules\.bin;D:\ReactNative\node_modules\.bin;D:\node_modules\.bin;C:\Users\cat50\AppData\Roaming\npm\node_modules\npm\node_modules\@npmcli\run-script\lib\node-gyp-bin;D:\ReactNative\Screenwarriors\node_modules\.bin;D:\ReactNative\node_modules\.bin;D:\node_modules\.bin;C:\Users\cat50\AppData\Roaming\npm\node_modules\npm\node_modules\@npmcli\run-script\lib\node-gyp-bin;C:\Program Files\Common Files\Oracle\Java\javapath;C:\Program Files\java\jdk-17;C:\Windows\system32;C:\Windows;C:\Windows\System32\Wbem;C:\Windows\System32\WindowsPowerShell\v1.0\;C:\Windows\System32\OpenSSH\;C:\Program Files\Git\cmd;C:\Program Files\dotnet\;C:\MinGW\bin;C:\ProgramData\chocolatey\bin;C:\Program Files\MongoDB\Server\7.0\bin;C:\Program Files\nodejs\;C:\Users\cat50\AppData\Local\Microsoft\WindowsApps;C:\Users\cat50\AppData\Local\Programs\Microsoft VS Code\bin;C:\Users\cat50\AppData\Local\Android\Sdk\platform-tools;C:\Program Files\java\jdk-11.0.18+10;C:\Users\cat50\AppData\Local\GitHubDesktop\bin;C:\Users\cat50\AppData\Roaming\npm;
USERNAME=Dinesh kannaujiya
LANG=en_US.UTF-8
OS=Windows_NT
PROCESSOR_IDENTIFIER=AMD64 Family 23 Model 24 Stepping 1, AuthenticAMD



---------------  S Y S T E M  ---------------

OS:
 Windows 11 , 64 bit Build 22000 (10.0.22000.708)
OS uptime: 3 days 7:26 hours

CPU: total 8 (initial active 8) (8 cores per cpu, 2 threads per core) family 23 model 24 stepping 1 microcode 0x0, cx8, cmov, fxsr, ht, mmx, 3dnowpref, sse, sse2, sse3, ssse3, sse4a, sse4.1, sse4.2, popcnt, lzcnt, tsc, tscinvbit, avx, avx2, aes, clmul, bmi1, bmi2, adx, sha, fma, vzeroupper, clflush, clflushopt

Memory: 4k page, system-wide physical 6081M (251M free)
TotalPageFile size 24513M (AvailPageFile size 3M)
current process WorkingSet (physical memory assigned to process): 411M, peak: 443M
current process commit charge ("private bytes"): 515M, peak: 516M

vm_info: Java HotSpot(TM) 64-Bit Server VM (17.0.10+11-LTS-240) for windows-amd64 JRE (17.0.10+11-LTS-240), built on Dec 19 2023 21:47:25 by "mach5one" with MS VC++ 17.1 (VS2022)

END.
